  [1m[36mSQL (1.0ms)[0m  [1mSHOW TABLES[0m
  [1m[35mUser Load (1.0ms)[0m  SELECT `users`.* FROM `users` LIMIT 1
  [1m[36mUser Load (5.1ms)[0m  [1mSELECT `users`.* FROM `users`[0m
  [1m[35mSQL (0.3ms)[0m  BEGIN
  [1m[36mSQL (1.0ms)[0m  [1mSHOW TABLES[0m
  [1m[35mUser Load (0.9ms)[0m  SELECT `users`.`id` FROM `users` WHERE (LOWER(`users`.`email`) = LOWER('kbhatt@ucsd.edu')) AND (`users`.id <> 1) LIMIT 1
  [1m[36mEnrolledStudent Load (0.3ms)[0m  [1mSELECT `enrolled_students`.`id` FROM `enrolled_students` WHERE `enrolled_students`.`email` = 'kbhatt@ucsd.edu' LIMIT 1[0m
  [1m[35mSQL (0.1ms)[0m  ROLLBACK
  [1m[36mSQL (0.1ms)[0m  [1mBEGIN[0m
  [1m[35mUser Load (0.8ms)[0m  SELECT `users`.`id` FROM `users` WHERE (LOWER(`users`.`email`) = LOWER('raboucha@ucsd.edu')) AND (`users`.id <> 5) LIMIT 1
  [1m[36mEnrolledStudent Load (0.2ms)[0m  [1mSELECT `enrolled_students`.`id` FROM `enrolled_students` WHERE `enrolled_students`.`email` = 'raboucha@ucsd.edu' LIMIT 1[0m
  [1m[35mSQL (0.1ms)[0m  ROLLBACK
  [1m[36mSQL (0.1ms)[0m  [1mBEGIN[0m
  [1m[35mUser Load (0.7ms)[0m  SELECT `users`.`id` FROM `users` WHERE (LOWER(`users`.`email`) = LOWER('a1agarwa@ucsd.edu')) AND (`users`.id <> 6) LIMIT 1
  [1m[36mEnrolledStudent Load (0.2ms)[0m  [1mSELECT `enrolled_students`.`id` FROM `enrolled_students` WHERE `enrolled_students`.`email` = 'a1agarwa@ucsd.edu' LIMIT 1[0m
  [1m[35mSQL (0.3ms)[0m  ROLLBACK
  [1m[36mSQL (0.1ms)[0m  [1mBEGIN[0m
  [1m[35mUser Load (1.1ms)[0m  SELECT `users`.`id` FROM `users` WHERE (LOWER(`users`.`email`) = LOWER('s3agarwa@ucsd.edu')) AND (`users`.id <> 7) LIMIT 1
  [1m[36mEnrolledStudent Load (0.2ms)[0m  [1mSELECT `enrolled_students`.`id` FROM `enrolled_students` WHERE `enrolled_students`.`email` = 's3agarwa@ucsd.edu' LIMIT 1[0m
  [1m[35mSQL (0.1ms)[0m  ROLLBACK
  [1m[36mSQL (0.2ms)[0m  [1mBEGIN[0m
  [1m[35mUser Load (0.8ms)[0m  SELECT `users`.`id` FROM `users` WHERE (LOWER(`users`.`email`) = LOWER('jagustin@ucsd.edu')) AND (`users`.id <> 8) LIMIT 1
  [1m[36mEnrolledStudent Load (0.2ms)[0m  [1mSELECT `enrolled_students`.`id` FROM `enrolled_students` WHERE `enrolled_students`.`email` = 'jagustin@ucsd.edu' LIMIT 1[0m
  [1m[35mSQL (0.1ms)[0m  ROLLBACK
  [1m[36mSQL (0.1ms)[0m  [1mBEGIN[0m
  [1m[35mUser Load (0.7ms)[0m  SELECT `users`.`id` FROM `users` WHERE (LOWER(`users`.`email`) = LOWER('saamir@ucsd.edu')) AND (`users`.id <> 9) LIMIT 1
  [1m[36mEnrolledStudent Load (0.2ms)[0m  [1mSELECT `enrolled_students`.`id` FROM `enrolled_students` WHERE `enrolled_students`.`email` = 'saamir@ucsd.edu' LIMIT 1[0m
  [1m[35mSQL (0.1ms)[0m  ROLLBACK
  [1m[36mSQL (0.1ms)[0m  [1mBEGIN[0m
  [1m[35mUser Load (0.8ms)[0m  SELECT `users`.`id` FROM `users` WHERE (LOWER(`users`.`email`) = LOWER('barevalo@ucsd.edu')) AND (`users`.id <> 10) LIMIT 1
  [1m[36mEnrolledStudent Load (0.2ms)[0m  [1mSELECT `enrolled_students`.`id` FROM `enrolled_students` WHERE `enrolled_students`.`email` = 'barevalo@ucsd.edu' LIMIT 1[0m
  [1m[35mSQL (0.1ms)[0m  ROLLBACK
  [1m[36mSQL (0.1ms)[0m  [1mBEGIN[0m
  [1m[35mUser Load (0.7ms)[0m  SELECT `users`.`id` FROM `users` WHERE (LOWER(`users`.`email`) = LOWER('ebandy@ucsd.edu')) AND (`users`.id <> 11) LIMIT 1
  [1m[36mEnrolledStudent Load (0.2ms)[0m  [1mSELECT `enrolled_students`.`id` FROM `enrolled_students` WHERE `enrolled_students`.`email` = 'ebandy@ucsd.edu' LIMIT 1[0m
  [1m[35mSQL (0.1ms)[0m  ROLLBACK
  [1m[36mSQL (0.1ms)[0m  [1mBEGIN[0m
  [1m[35mUser Load (0.7ms)[0m  SELECT `users`.`id` FROM `users` WHERE (LOWER(`users`.`email`) = LOWER('gbanker@ucsd.edu')) AND (`users`.id <> 12) LIMIT 1
  [1m[36mEnrolledStudent Load (0.2ms)[0m  [1mSELECT `enrolled_students`.`id` FROM `enrolled_students` WHERE `enrolled_students`.`email` = 'gbanker@ucsd.edu' LIMIT 1[0m
  [1m[35mSQL (0.1ms)[0m  ROLLBACK
  [1m[36mSQL (0.2ms)[0m  [1mBEGIN[0m
  [1m[35mUser Load (0.8ms)[0m  SELECT `users`.`id` FROM `users` WHERE (LOWER(`users`.`email`) = LOWER('abasu@ucsd.edu')) AND (`users`.id <> 13) LIMIT 1
  [1m[36mEnrolledStudent Load (0.2ms)[0m  [1mSELECT `enrolled_students`.`id` FROM `enrolled_students` WHERE `enrolled_students`.`email` = 'abasu@ucsd.edu' LIMIT 1[0m
  [1m[35mSQL (0.1ms)[0m  ROLLBACK
  [1m[36mSQL (0.1ms)[0m  [1mBEGIN[0m
  [1m[35mUser Load (0.7ms)[0m  SELECT `users`.`id` FROM `users` WHERE (LOWER(`users`.`email`) = LOWER('dbever@ucsd.edu')) AND (`users`.id <> 14) LIMIT 1
  [1m[36mEnrolledStudent Load (0.2ms)[0m  [1mSELECT `enrolled_students`.`id` FROM `enrolled_students` WHERE `enrolled_students`.`email` = 'dbever@ucsd.edu' LIMIT 1[0m
  [1m[35mSQL (0.1ms)[0m  ROLLBACK
  [1m[36mSQL (0.1ms)[0m  [1mBEGIN[0m
  [1m[35mUser Load (0.8ms)[0m  SELECT `users`.`id` FROM `users` WHERE (LOWER(`users`.`email`) = LOWER('sbissenk@ucsd.edu')) AND (`users`.id <> 15) LIMIT 1
  [1m[36mEnrolledStudent Load (0.2ms)[0m  [1mSELECT `enrolled_students`.`id` FROM `enrolled_students` WHERE `enrolled_students`.`email` = 'sbissenk@ucsd.edu' LIMIT 1[0m
  [1m[35mSQL (0.2ms)[0m  ROLLBACK
  [1m[36mSQL (0.1ms)[0m  [1mBEGIN[0m
  [1m[35mUser Load (0.8ms)[0m  SELECT `users`.`id` FROM `users` WHERE (LOWER(`users`.`email`) = LOWER('sabrede@ucsd.edu')) AND (`users`.id <> 16) LIMIT 1
  [1m[36mEnrolledStudent Load (0.2ms)[0m  [1mSELECT `enrolled_students`.`id` FROM `enrolled_students` WHERE `enrolled_students`.`email` = 'sabrede@ucsd.edu' LIMIT 1[0m
  [1m[35mSQL (0.1ms)[0m  ROLLBACK
  [1m[36mSQL (0.1ms)[0m  [1mBEGIN[0m
  [1m[35mUser Load (0.7ms)[0m  SELECT `users`.`id` FROM `users` WHERE (LOWER(`users`.`email`) = LOWER('sbrimer@ucsd.edu')) AND (`users`.id <> 17) LIMIT 1
  [1m[36mEnrolledStudent Load (0.2ms)[0m  [1mSELECT `enrolled_students`.`id` FROM `enrolled_students` WHERE `enrolled_students`.`email` = 'sbrimer@ucsd.edu' LIMIT 1[0m
  [1m[35mSQL (0.1ms)[0m  ROLLBACK
  [1m[36mSQL (0.1ms)[0m  [1mBEGIN[0m
  [1m[35mUser Load (0.7ms)[0m  SELECT `users`.`id` FROM `users` WHERE (LOWER(`users`.`email`) = LOWER('sbuell@ucsd.edu')) AND (`users`.id <> 18) LIMIT 1
  [1m[36mEnrolledStudent Load (0.2ms)[0m  [1mSELECT `enrolled_students`.`id` FROM `enrolled_students` WHERE `enrolled_students`.`email` = 'sbuell@ucsd.edu' LIMIT 1[0m
  [1m[35mSQL (0.1ms)[0m  ROLLBACK
  [1m[36mSQL (0.1ms)[0m  [1mBEGIN[0m
  [1m[35mUser Load (0.8ms)[0m  SELECT `users`.`id` FROM `users` WHERE (LOWER(`users`.`email`) = LOWER('jbuoncri@ucsd.edu')) AND (`users`.id <> 19) LIMIT 1
  [1m[36mEnrolledStudent Load (0.2ms)[0m  [1mSELECT `enrolled_students`.`id` FROM `enrolled_students` WHERE `enrolled_students`.`email` = 'jbuoncri@ucsd.edu' LIMIT 1[0m
  [1m[35mSQL (0.1ms)[0m  ROLLBACK
  [1m[36mSQL (0.1ms)[0m  [1mBEGIN[0m
  [1m[35mUser Load (0.7ms)[0m  SELECT `users`.`id` FROM `users` WHERE (LOWER(`users`.`email`) = LOWER('jjceball@ucsd.edu')) AND (`users`.id <> 20) LIMIT 1
  [1m[36mEnrolledStudent Load (0.2ms)[0m  [1mSELECT `enrolled_students`.`id` FROM `enrolled_students` WHERE `enrolled_students`.`email` = 'jjceball@ucsd.edu' LIMIT 1[0m
  [1m[35mSQL (0.1ms)[0m  ROLLBACK
  [1m[36mSQL (0.1ms)[0m  [1mBEGIN[0m
  [1m[35mUser Load (0.7ms)[0m  SELECT `users`.`id` FROM `users` WHERE (LOWER(`users`.`email`) = LOWER('d9chan@ucsd.edu')) AND (`users`.id <> 21) LIMIT 1
  [1m[36mEnrolledStudent Load (0.2ms)[0m  [1mSELECT `enrolled_students`.`id` FROM `enrolled_students` WHERE `enrolled_students`.`email` = 'd9chan@ucsd.edu' LIMIT 1[0m
  [1m[35mSQL (0.1ms)[0m  ROLLBACK
  [1m[36mSQL (0.1ms)[0m  [1mBEGIN[0m
  [1m[35mUser Load (0.8ms)[0m  SELECT `users`.`id` FROM `users` WHERE (LOWER(`users`.`email`) = LOWER('jec047@ucsd.edu')) AND (`users`.id <> 22) LIMIT 1
  [1m[36mEnrolledStudent Load (0.2ms)[0m  [1mSELECT `enrolled_students`.`id` FROM `enrolled_students` WHERE `enrolled_students`.`email` = 'jec047@ucsd.edu' LIMIT 1[0m
  [1m[35mSQL (0.1ms)[0m  ROLLBACK
  [1m[36mSQL (0.1ms)[0m  [1mBEGIN[0m
  [1m[35mUser Load (0.7ms)[0m  SELECT `users`.`id` FROM `users` WHERE (LOWER(`users`.`email`) = LOWER('lchau@ucsd.edu')) AND (`users`.id <> 23) LIMIT 1
  [1m[36mEnrolledStudent Load (0.2ms)[0m  [1mSELECT `enrolled_students`.`id` FROM `enrolled_students` WHERE `enrolled_students`.`email` = 'lchau@ucsd.edu' LIMIT 1[0m
  [1m[35mSQL (0.1ms)[0m  ROLLBACK
  [1m[36mSQL (0.1ms)[0m  [1mBEGIN[0m
  [1m[35mUser Load (0.8ms)[0m  SELECT `users`.`id` FROM `users` WHERE (LOWER(`users`.`email`) = LOWER('syc010@ucsd.edu')) AND (`users`.id <> 24) LIMIT 1
  [1m[36mEnrolledStudent Load (0.2ms)[0m  [1mSELECT `enrolled_students`.`id` FROM `enrolled_students` WHERE `enrolled_students`.`email` = 'syc010@ucsd.edu' LIMIT 1[0m
  [1m[35mSQL (0.1ms)[0m  ROLLBACK
  [1m[36mSQL (0.1ms)[0m  [1mBEGIN[0m
  [1m[35mUser Load (0.8ms)[0m  SELECT `users`.`id` FROM `users` WHERE (LOWER(`users`.`email`) = LOWER('syc058@ucsd.edu')) AND (`users`.id <> 25) LIMIT 1
  [1m[36mEnrolledStudent Load (0.3ms)[0m  [1mSELECT `enrolled_students`.`id` FROM `enrolled_students` WHERE `enrolled_students`.`email` = 'syc058@ucsd.edu' LIMIT 1[0m
  [1m[35mSQL (0.4ms)[0m  ROLLBACK
  [1m[36mSQL (0.1ms)[0m  [1mBEGIN[0m
  [1m[35mUser Load (0.7ms)[0m  SELECT `users`.`id` FROM `users` WHERE (LOWER(`users`.`email`) = LOWER('xic049@ucsd.edu')) AND (`users`.id <> 26) LIMIT 1
  [1m[36mEnrolledStudent Load (0.2ms)[0m  [1mSELECT `enrolled_students`.`id` FROM `enrolled_students` WHERE `enrolled_students`.`email` = 'xic049@ucsd.edu' LIMIT 1[0m
  [1m[35mSQL (0.1ms)[0m  ROLLBACK
  [1m[36mSQL (0.1ms)[0m  [1mBEGIN[0m
  [1m[35mUser Load (0.8ms)[0m  SELECT `users`.`id` FROM `users` WHERE (LOWER(`users`.`email`) = LOWER('tchi@ucsd.edu')) AND (`users`.id <> 28) LIMIT 1
  [1m[36mEnrolledStudent Load (0.2ms)[0m  [1mSELECT `enrolled_students`.`id` FROM `enrolled_students` WHERE `enrolled_students`.`email` = 'tchi@ucsd.edu' LIMIT 1[0m
  [1m[35mSQL (0.1ms)[0m  ROLLBACK
  [1m[36mSQL (0.1ms)[0m  [1mBEGIN[0m
  [1m[35mUser Load (0.7ms)[0m  SELECT `users`.`id` FROM `users` WHERE (LOWER(`users`.`email`) = LOWER('ichin@ucsd.edu')) AND (`users`.id <> 29) LIMIT 1
  [1m[36mEnrolledStudent Load (0.2ms)[0m  [1mSELECT `enrolled_students`.`id` FROM `enrolled_students` WHERE `enrolled_students`.`email` = 'ichin@ucsd.edu' LIMIT 1[0m
  [1m[35mSQL (0.1ms)[0m  ROLLBACK
  [1m[36mSQL (0.1ms)[0m  [1mBEGIN[0m
  [1m[35mUser Load (0.7ms)[0m  SELECT `users`.`id` FROM `users` WHERE (LOWER(`users`.`email`) = LOWER('edchiou@ucsd.edu')) AND (`users`.id <> 30) LIMIT 1
  [1m[36mEnrolledStudent Load (0.2ms)[0m  [1mSELECT `enrolled_students`.`id` FROM `enrolled_students` WHERE `enrolled_students`.`email` = 'edchiou@ucsd.edu' LIMIT 1[0m
  [1m[35mSQL (0.1ms)[0m  ROLLBACK
  [1m[36mSQL (0.1ms)[0m  [1mBEGIN[0m
  [1m[35mUser Load (0.7ms)[0m  SELECT `users`.`id` FROM `users` WHERE (LOWER(`users`.`email`) = LOWER('jmc001@ucsd.edu')) AND (`users`.id <> 31) LIMIT 1
  [1m[36mEnrolledStudent Load (0.2ms)[0m  [1mSELECT `enrolled_students`.`id` FROM `enrolled_students` WHERE `enrolled_students`.`email` = 'jmc001@ucsd.edu' LIMIT 1[0m
  [1m[35mSQL (0.1ms)[0m  ROLLBACK
  [1m[36mSQL (0.1ms)[0m  [1mBEGIN[0m
  [1m[35mUser Load (0.8ms)[0m  SELECT `users`.`id` FROM `users` WHERE (LOWER(`users`.`email`) = LOWER('ysc001@ucsd.edu')) AND (`users`.id <> 32) LIMIT 1
  [1m[36mEnrolledStudent Load (0.2ms)[0m  [1mSELECT `enrolled_students`.`id` FROM `enrolled_students` WHERE `enrolled_students`.`email` = 'ysc001@ucsd.edu' LIMIT 1[0m
  [1m[35mSQL (0.1ms)[0m  ROLLBACK
  [1m[36mSQL (0.1ms)[0m  [1mBEGIN[0m
  [1m[35mUser Load (0.7ms)[0m  SELECT `users`.`id` FROM `users` WHERE (LOWER(`users`.`email`) = LOWER('jychou@ucsd.edu')) AND (`users`.id <> 33) LIMIT 1
  [1m[36mEnrolledStudent Load (0.2ms)[0m  [1mSELECT `enrolled_students`.`id` FROM `enrolled_students` WHERE `enrolled_students`.`email` = 'jychou@ucsd.edu' LIMIT 1[0m
  [1m[35mSQL (0.1ms)[0m  ROLLBACK
  [1m[36mSQL (0.1ms)[0m  [1mBEGIN[0m
  [1m[35mUser Load (0.8ms)[0m  SELECT `users`.`id` FROM `users` WHERE (LOWER(`users`.`email`) = LOWER('j5chou@ucsd.edu')) AND (`users`.id <> 34) LIMIT 1
  [1m[36mEnrolledStudent Load (0.2ms)[0m  [1mSELECT `enrolled_students`.`id` FROM `enrolled_students` WHERE `enrolled_students`.`email` = 'j5chou@ucsd.edu' LIMIT 1[0m
  [1m[35mSQL (0.1ms)[0m  ROLLBACK
  [1m[36mSQL (0.1ms)[0m  [1mBEGIN[0m
  [1m[35mUser Load (0.7ms)[0m  SELECT `users`.`id` FROM `users` WHERE (LOWER(`users`.`email`) = LOWER('juc030@ucsd.edu')) AND (`users`.id <> 35) LIMIT 1
  [1m[36mEnrolledStudent Load (0.2ms)[0m  [1mSELECT `enrolled_students`.`id` FROM `enrolled_students` WHERE `enrolled_students`.`email` = 'juc030@ucsd.edu' LIMIT 1[0m
  [1m[35mSQL (0.1ms)[0m  ROLLBACK
  [1m[36mSQL (0.1ms)[0m  [1mBEGIN[0m
  [1m[35mUser Load (0.7ms)[0m  SELECT `users`.`id` FROM `users` WHERE (LOWER(`users`.`email`) = LOWER('shc082@ucsd.edu')) AND (`users`.id <> 36) LIMIT 1
  [1m[36mEnrolledStudent Load (0.2ms)[0m  [1mSELECT `enrolled_students`.`id` FROM `enrolled_students` WHERE `enrolled_students`.`email` = 'shc082@ucsd.edu' LIMIT 1[0m
  [1m[35mSQL (0.1ms)[0m  ROLLBACK
  [1m[36mSQL (0.2ms)[0m  [1mBEGIN[0m
  [1m[35mUser Load (0.7ms)[0m  SELECT `users`.`id` FROM `users` WHERE (LOWER(`users`.`email`) = LOWER('gconsidi@ucsd.edu')) AND (`users`.id <> 37) LIMIT 1
  [1m[36mEnrolledStudent Load (0.2ms)[0m  [1mSELECT `enrolled_students`.`id` FROM `enrolled_students` WHERE `enrolled_students`.`email` = 'gconsidi@ucsd.edu' LIMIT 1[0m
  [1m[35mSQL (0.1ms)[0m  ROLLBACK
  [1m[36mSQL (0.1ms)[0m  [1mBEGIN[0m
  [1m[35mUser Load (0.7ms)[0m  SELECT `users`.`id` FROM `users` WHERE (LOWER(`users`.`email`) = LOWER('oacontre@ucsd.edu')) AND (`users`.id <> 38) LIMIT 1
  [1m[36mEnrolledStudent Load (0.2ms)[0m  [1mSELECT `enrolled_students`.`id` FROM `enrolled_students` WHERE `enrolled_students`.`email` = 'oacontre@ucsd.edu' LIMIT 1[0m
  [1m[35mSQL (0.1ms)[0m  ROLLBACK
  [1m[36mSQL (0.1ms)[0m  [1mBEGIN[0m
  [1m[35mUser Load (0.7ms)[0m  SELECT `users`.`id` FROM `users` WHERE (LOWER(`users`.`email`) = LOWER('rbcordov@ucsd.edu')) AND (`users`.id <> 39) LIMIT 1
  [1m[36mEnrolledStudent Load (0.2ms)[0m  [1mSELECT `enrolled_students`.`id` FROM `enrolled_students` WHERE `enrolled_students`.`email` = 'rbcordov@ucsd.edu' LIMIT 1[0m
  [1m[35mSQL (0.1ms)[0m  ROLLBACK
  [1m[36mSQL (0.1ms)[0m  [1mBEGIN[0m
  [1m[35mUser Load (0.7ms)[0m  SELECT `users`.`id` FROM `users` WHERE (LOWER(`users`.`email`) = LOWER('rcruell@ucsd.edu')) AND (`users`.id <> 40) LIMIT 1
  [1m[36mEnrolledStudent Load (0.2ms)[0m  [1mSELECT `enrolled_students`.`id` FROM `enrolled_students` WHERE `enrolled_students`.`email` = 'rcruell@ucsd.edu' LIMIT 1[0m
  [1m[35mSQL (0.1ms)[0m  ROLLBACK
  [1m[36mSQL (0.1ms)[0m  [1mBEGIN[0m
  [1m[35mUser Load (0.7ms)[0m  SELECT `users`.`id` FROM `users` WHERE (LOWER(`users`.`email`) = LOWER('c8cruz@ucsd.edu')) AND (`users`.id <> 41) LIMIT 1
  [1m[36mEnrolledStudent Load (0.2ms)[0m  [1mSELECT `enrolled_students`.`id` FROM `enrolled_students` WHERE `enrolled_students`.`email` = 'c8cruz@ucsd.edu' LIMIT 1[0m
  [1m[35mSQL (0.1ms)[0m  ROLLBACK
  [1m[36mSQL (0.1ms)[0m  [1mBEGIN[0m
  [1m[35mUser Load (0.8ms)[0m  SELECT `users`.`id` FROM `users` WHERE (LOWER(`users`.`email`) = LOWER('lcycon@ucsd.edu')) AND (`users`.id <> 42) LIMIT 1
  [1m[36mEnrolledStudent Load (0.2ms)[0m  [1mSELECT `enrolled_students`.`id` FROM `enrolled_students` WHERE `enrolled_students`.`email` = 'lcycon@ucsd.edu' LIMIT 1[0m
  [1m[35mSQL (0.1ms)[0m  ROLLBACK
  [1m[36mSQL (0.1ms)[0m  [1mBEGIN[0m
  [1m[35mUser Load (0.8ms)[0m  SELECT `users`.`id` FROM `users` WHERE (LOWER(`users`.`email`) = LOWER('aadeen@ucsd.edu')) AND (`users`.id <> 43) LIMIT 1
  [1m[36mEnrolledStudent Load (0.2ms)[0m  [1mSELECT `enrolled_students`.`id` FROM `enrolled_students` WHERE `enrolled_students`.`email` = 'aadeen@ucsd.edu' LIMIT 1[0m
  [1m[35mSQL (0.1ms)[0m  ROLLBACK
  [1m[36mSQL (0.1ms)[0m  [1mBEGIN[0m
  [1m[35mUser Load (0.8ms)[0m  SELECT `users`.`id` FROM `users` WHERE (LOWER(`users`.`email`) = LOWER('vqdo@ucsd.edu')) AND (`users`.id <> 44) LIMIT 1
  [1m[36mEnrolledStudent Load (0.3ms)[0m  [1mSELECT `enrolled_students`.`id` FROM `enrolled_students` WHERE `enrolled_students`.`email` = 'vqdo@ucsd.edu' LIMIT 1[0m
  [1m[35mSQL (0.1ms)[0m  ROLLBACK
  [1m[36mSQL (0.1ms)[0m  [1mBEGIN[0m
  [1m[35mUser Load (0.9ms)[0m  SELECT `users`.`id` FROM `users` WHERE (LOWER(`users`.`email`) = LOWER('ddoe@ucsd.edu')) AND (`users`.id <> 45) LIMIT 1
  [1m[36mEnrolledStudent Load (0.3ms)[0m  [1mSELECT `enrolled_students`.`id` FROM `enrolled_students` WHERE `enrolled_students`.`email` = 'ddoe@ucsd.edu' LIMIT 1[0m
  [1m[35mSQL (0.1ms)[0m  ROLLBACK
  [1m[36mSQL (0.2ms)[0m  [1mBEGIN[0m
  [1m[35mUser Load (0.7ms)[0m  SELECT `users`.`id` FROM `users` WHERE (LOWER(`users`.`email`) = LOWER('jjduarte@ucsd.edu')) AND (`users`.id <> 46) LIMIT 1
  [1m[36mEnrolledStudent Load (0.2ms)[0m  [1mSELECT `enrolled_students`.`id` FROM `enrolled_students` WHERE `enrolled_students`.`email` = 'jjduarte@ucsd.edu' LIMIT 1[0m
  [1m[35mSQL (0.1ms)[0m  ROLLBACK
  [1m[36mSQL (0.1ms)[0m  [1mBEGIN[0m
  [1m[35mUser Load (0.8ms)[0m  SELECT `users`.`id` FROM `users` WHERE (LOWER(`users`.`email`) = LOWER('sdyck@ucsd.edu')) AND (`users`.id <> 47) LIMIT 1
  [1m[36mEnrolledStudent Load (0.2ms)[0m  [1mSELECT `enrolled_students`.`id` FROM `enrolled_students` WHERE `enrolled_students`.`email` = 'sdyck@ucsd.edu' LIMIT 1[0m
  [1m[35mSQL (0.1ms)[0m  ROLLBACK
  [1m[36mSQL (0.1ms)[0m  [1mBEGIN[0m
  [1m[35mUser Load (0.7ms)[0m  SELECT `users`.`id` FROM `users` WHERE (LOWER(`users`.`email`) = LOWER('mebadifa@ucsd.edu')) AND (`users`.id <> 48) LIMIT 1
  [1m[36mEnrolledStudent Load (0.2ms)[0m  [1mSELECT `enrolled_students`.`id` FROM `enrolled_students` WHERE `enrolled_students`.`email` = 'mebadifa@ucsd.edu' LIMIT 1[0m
  [1m[35mSQL (0.1ms)[0m  ROLLBACK
  [1m[36mSQL (0.1ms)[0m  [1mBEGIN[0m
  [1m[35mUser Load (0.8ms)[0m  SELECT `users`.`id` FROM `users` WHERE (LOWER(`users`.`email`) = LOWER('deisenba@ucsd.edu')) AND (`users`.id <> 49) LIMIT 1
  [1m[36mEnrolledStudent Load (0.3ms)[0m  [1mSELECT `enrolled_students`.`id` FROM `enrolled_students` WHERE `enrolled_students`.`email` = 'deisenba@ucsd.edu' LIMIT 1[0m
  [1m[35mSQL (0.1ms)[0m  ROLLBACK
  [1m[36mSQL (0.2ms)[0m  [1mBEGIN[0m
  [1m[35mUser Load (0.8ms)[0m  SELECT `users`.`id` FROM `users` WHERE (LOWER(`users`.`email`) = LOWER('tfah@ucsd.edu')) AND (`users`.id <> 50) LIMIT 1
  [1m[36mEnrolledStudent Load (0.2ms)[0m  [1mSELECT `enrolled_students`.`id` FROM `enrolled_students` WHERE `enrolled_students`.`email` = 'tfah@ucsd.edu' LIMIT 1[0m
  [1m[35mSQL (0.1ms)[0m  ROLLBACK
  [1m[36mSQL (0.1ms)[0m  [1mBEGIN[0m
  [1m[35mUser Load (0.8ms)[0m  SELECT `users`.`id` FROM `users` WHERE (LOWER(`users`.`email`) = LOWER('abfarin@ucsd.edu')) AND (`users`.id <> 51) LIMIT 1
  [1m[36mEnrolledStudent Load (0.2ms)[0m  [1mSELECT `enrolled_students`.`id` FROM `enrolled_students` WHERE `enrolled_students`.`email` = 'abfarin@ucsd.edu' LIMIT 1[0m
  [1m[35mSQL (0.1ms)[0m  ROLLBACK
  [1m[36mSQL (0.1ms)[0m  [1mBEGIN[0m
  [1m[35mUser Load (0.8ms)[0m  SELECT `users`.`id` FROM `users` WHERE (LOWER(`users`.`email`) = LOWER('sformato@ucsd.edu')) AND (`users`.id <> 52) LIMIT 1
  [1m[36mEnrolledStudent Load (0.2ms)[0m  [1mSELECT `enrolled_students`.`id` FROM `enrolled_students` WHERE `enrolled_students`.`email` = 'sformato@ucsd.edu' LIMIT 1[0m
  [1m[35mSQL (0.1ms)[0m  ROLLBACK
  [1m[36mSQL (0.1ms)[0m  [1mBEGIN[0m
  [1m[35mUser Load (0.8ms)[0m  SELECT `users`.`id` FROM `users` WHERE (LOWER(`users`.`email`) = LOWER('zgrannan@ucsd.edu')) AND (`users`.id <> 53) LIMIT 1
  [1m[36mEnrolledStudent Load (0.2ms)[0m  [1mSELECT `enrolled_students`.`id` FROM `enrolled_students` WHERE `enrolled_students`.`email` = 'zgrannan@ucsd.edu' LIMIT 1[0m
  [1m[35mSQL (0.1ms)[0m  ROLLBACK
  [1m[36mSQL (0.1ms)[0m  [1mBEGIN[0m
  [1m[35mUser Load (0.8ms)[0m  SELECT `users`.`id` FROM `users` WHERE (LOWER(`users`.`email`) = LOWER('jdguan@ucsd.edu')) AND (`users`.id <> 54) LIMIT 1
  [1m[36mEnrolledStudent Load (0.2ms)[0m  [1mSELECT `enrolled_students`.`id` FROM `enrolled_students` WHERE `enrolled_students`.`email` = 'jdguan@ucsd.edu' LIMIT 1[0m
  [1m[35mSQL (0.1ms)[0m  ROLLBACK
  [1m[36mSQL (0.1ms)[0m  [1mBEGIN[0m
  [1m[35mUser Load (0.7ms)[0m  SELECT `users`.`id` FROM `users` WHERE (LOWER(`users`.`email`) = LOWER('kgullick@ucsd.edu')) AND (`users`.id <> 55) LIMIT 1
  [1m[36mEnrolledStudent Load (0.2ms)[0m  [1mSELECT `enrolled_students`.`id` FROM `enrolled_students` WHERE `enrolled_students`.`email` = 'kgullick@ucsd.edu' LIMIT 1[0m
  [1m[35mSQL (0.1ms)[0m  ROLLBACK
  [1m[36mSQL (0.1ms)[0m  [1mBEGIN[0m
  [1m[35mUser Load (0.7ms)[0m  SELECT `users`.`id` FROM `users` WHERE (LOWER(`users`.`email`) = LOWER('egustafs@ucsd.edu')) AND (`users`.id <> 56) LIMIT 1
  [1m[36mEnrolledStudent Load (0.2ms)[0m  [1mSELECT `enrolled_students`.`id` FROM `enrolled_students` WHERE `enrolled_students`.`email` = 'egustafs@ucsd.edu' LIMIT 1[0m
  [1m[35mSQL (0.1ms)[0m  ROLLBACK
  [1m[36mSQL (0.1ms)[0m  [1mBEGIN[0m
  [1m[35mUser Load (0.8ms)[0m  SELECT `users`.`id` FROM `users` WHERE (LOWER(`users`.`email`) = LOWER('sagustaf@ucsd.edu')) AND (`users`.id <> 57) LIMIT 1
  [1m[36mEnrolledStudent Load (0.2ms)[0m  [1mSELECT `enrolled_students`.`id` FROM `enrolled_students` WHERE `enrolled_students`.`email` = 'sagustaf@ucsd.edu' LIMIT 1[0m
  [1m[35mSQL (0.1ms)[0m  ROLLBACK
  [1m[36mSQL (0.1ms)[0m  [1mBEGIN[0m
  [1m[35mUser Load (0.8ms)[0m  SELECT `users`.`id` FROM `users` WHERE (LOWER(`users`.`email`) = LOWER('lehan@ucsd.edu')) AND (`users`.id <> 58) LIMIT 1
  [1m[36mEnrolledStudent Load (0.2ms)[0m  [1mSELECT `enrolled_students`.`id` FROM `enrolled_students` WHERE `enrolled_students`.`email` = 'lehan@ucsd.edu' LIMIT 1[0m
  [1m[35mSQL (0.1ms)[0m  ROLLBACK
  [1m[36mSQL (0.1ms)[0m  [1mBEGIN[0m
  [1m[35mUser Load (0.7ms)[0m  SELECT `users`.`id` FROM `users` WHERE (LOWER(`users`.`email`) = LOWER('svharris@ucsd.edu')) AND (`users`.id <> 59) LIMIT 1
  [1m[36mEnrolledStudent Load (0.2ms)[0m  [1mSELECT `enrolled_students`.`id` FROM `enrolled_students` WHERE `enrolled_students`.`email` = 'svharris@ucsd.edu' LIMIT 1[0m
  [1m[35mSQL (0.1ms)[0m  ROLLBACK
  [1m[36mSQL (0.1ms)[0m  [1mBEGIN[0m
  [1m[35mUser Load (0.8ms)[0m  SELECT `users`.`id` FROM `users` WHERE (LOWER(`users`.`email`) = LOWER('shauss@ucsd.edu')) AND (`users`.id <> 60) LIMIT 1
  [1m[36mEnrolledStudent Load (0.2ms)[0m  [1mSELECT `enrolled_students`.`id` FROM `enrolled_students` WHERE `enrolled_students`.`email` = 'shauss@ucsd.edu' LIMIT 1[0m
  [1m[35mSQL (0.1ms)[0m  ROLLBACK
  [1m[36mSQL (0.2ms)[0m  [1mBEGIN[0m
  [1m[35mUser Load (1.1ms)[0m  SELECT `users`.`id` FROM `users` WHERE (LOWER(`users`.`email`) = LOWER('lehe@ucsd.edu')) AND (`users`.id <> 61) LIMIT 1
  [1m[36mEnrolledStudent Load (0.2ms)[0m  [1mSELECT `enrolled_students`.`id` FROM `enrolled_students` WHERE `enrolled_students`.`email` = 'lehe@ucsd.edu' LIMIT 1[0m
  [1m[35mSQL (0.1ms)[0m  ROLLBACK
  [1m[36mSQL (0.1ms)[0m  [1mBEGIN[0m
  [1m[35mUser Load (0.7ms)[0m  SELECT `users`.`id` FROM `users` WHERE (LOWER(`users`.`email`) = LOWER('b6ho@ucsd.edu')) AND (`users`.id <> 62) LIMIT 1
  [1m[36mEnrolledStudent Load (0.2ms)[0m  [1mSELECT `enrolled_students`.`id` FROM `enrolled_students` WHERE `enrolled_students`.`email` = 'b6ho@ucsd.edu' LIMIT 1[0m
  [1m[35mSQL (0.1ms)[0m  ROLLBACK
  [1m[36mSQL (0.1ms)[0m  [1mBEGIN[0m
  [1m[35mUser Load (0.7ms)[0m  SELECT `users`.`id` FROM `users` WHERE (LOWER(`users`.`email`) = LOWER('kkhom@ucsd.edu')) AND (`users`.id <> 63) LIMIT 1
  [1m[36mEnrolledStudent Load (0.2ms)[0m  [1mSELECT `enrolled_students`.`id` FROM `enrolled_students` WHERE `enrolled_students`.`email` = 'kkhom@ucsd.edu' LIMIT 1[0m
  [1m[35mSQL (0.1ms)[0m  ROLLBACK
  [1m[36mSQL (0.2ms)[0m  [1mBEGIN[0m
  [1m[35mUser Load (0.9ms)[0m  SELECT `users`.`id` FROM `users` WHERE (LOWER(`users`.`email`) = LOWER('dchsiung@ucsd.edu')) AND (`users`.id <> 64) LIMIT 1
  [1m[36mEnrolledStudent Load (0.2ms)[0m  [1mSELECT `enrolled_students`.`id` FROM `enrolled_students` WHERE `enrolled_students`.`email` = 'dchsiung@ucsd.edu' LIMIT 1[0m
  [1m[35mSQL (0.1ms)[0m  ROLLBACK
  [1m[36mSQL (0.3ms)[0m  [1mBEGIN[0m
  [1m[35mUser Load (0.8ms)[0m  SELECT `users`.`id` FROM `users` WHERE (LOWER(`users`.`email`) = LOWER('l1hsueh@ucsd.edu')) AND (`users`.id <> 65) LIMIT 1
  [1m[36mEnrolledStudent Load (0.2ms)[0m  [1mSELECT `enrolled_students`.`id` FROM `enrolled_students` WHERE `enrolled_students`.`email` = 'l1hsueh@ucsd.edu' LIMIT 1[0m
  [1m[35mSQL (0.1ms)[0m  ROLLBACK
  [1m[36mSQL (0.2ms)[0m  [1mBEGIN[0m
  [1m[35mUser Load (0.8ms)[0m  SELECT `users`.`id` FROM `users` WHERE (LOWER(`users`.`email`) = LOWER('pmhua@ucsd.edu')) AND (`users`.id <> 66) LIMIT 1
  [1m[36mEnrolledStudent Load (0.2ms)[0m  [1mSELECT `enrolled_students`.`id` FROM `enrolled_students` WHERE `enrolled_students`.`email` = 'pmhua@ucsd.edu' LIMIT 1[0m
  [1m[35mSQL (0.1ms)[0m  ROLLBACK
  [1m[36mSQL (0.1ms)[0m  [1mBEGIN[0m
  [1m[35mUser Load (0.8ms)[0m  SELECT `users`.`id` FROM `users` WHERE (LOWER(`users`.`email`) = LOWER('a5hwang@ucsd.edu')) AND (`users`.id <> 67) LIMIT 1
  [1m[36mEnrolledStudent Load (0.2ms)[0m  [1mSELECT `enrolled_students`.`id` FROM `enrolled_students` WHERE `enrolled_students`.`email` = 'a5hwang@ucsd.edu' LIMIT 1[0m
  [1m[35mSQL (0.1ms)[0m  ROLLBACK
  [1m[36mSQL (0.4ms)[0m  [1mBEGIN[0m
  [1m[35mUser Load (0.8ms)[0m  SELECT `users`.`id` FROM `users` WHERE (LOWER(`users`.`email`) = LOWER('aitani@ucsd.edu')) AND (`users`.id <> 68) LIMIT 1
  [1m[36mEnrolledStudent Load (0.2ms)[0m  [1mSELECT `enrolled_students`.`id` FROM `enrolled_students` WHERE `enrolled_students`.`email` = 'aitani@ucsd.edu' LIMIT 1[0m
  [1m[35mSQL (0.1ms)[0m  ROLLBACK
  [1m[36mSQL (0.2ms)[0m  [1mBEGIN[0m
  [1m[35mUser Load (0.8ms)[0m  SELECT `users`.`id` FROM `users` WHERE (LOWER(`users`.`email`) = LOWER('ejacobs@ucsd.edu')) AND (`users`.id <> 69) LIMIT 1
  [1m[36mEnrolledStudent Load (0.2ms)[0m  [1mSELECT `enrolled_students`.`id` FROM `enrolled_students` WHERE `enrolled_students`.`email` = 'ejacobs@ucsd.edu' LIMIT 1[0m
  [1m[35mSQL (0.1ms)[0m  ROLLBACK
  [1m[36mSQL (0.1ms)[0m  [1mBEGIN[0m
  [1m[35mUser Load (0.8ms)[0m  SELECT `users`.`id` FROM `users` WHERE (LOWER(`users`.`email`) = LOWER('zijiang@ucsd.edu')) AND (`users`.id <> 70) LIMIT 1
  [1m[36mEnrolledStudent Load (0.5ms)[0m  [1mSELECT `enrolled_students`.`id` FROM `enrolled_students` WHERE `enrolled_students`.`email` = 'zijiang@ucsd.edu' LIMIT 1[0m
  [1m[35mSQL (0.1ms)[0m  ROLLBACK
  [1m[36mSQL (0.1ms)[0m  [1mBEGIN[0m
  [1m[35mUser Load (0.8ms)[0m  SELECT `users`.`id` FROM `users` WHERE (LOWER(`users`.`email`) = LOWER('j4jimene@ucsd.edu')) AND (`users`.id <> 71) LIMIT 1
  [1m[36mEnrolledStudent Load (0.3ms)[0m  [1mSELECT `enrolled_students`.`id` FROM `enrolled_students` WHERE `enrolled_students`.`email` = 'j4jimene@ucsd.edu' LIMIT 1[0m
  [1m[35mSQL (0.1ms)[0m  ROLLBACK
  [1m[36mSQL (0.1ms)[0m  [1mBEGIN[0m
  [1m[35mUser Load (0.7ms)[0m  SELECT `users`.`id` FROM `users` WHERE (LOWER(`users`.`email`) = LOWER('kjittano@ucsd.edu')) AND (`users`.id <> 72) LIMIT 1
  [1m[36mEnrolledStudent Load (0.2ms)[0m  [1mSELECT `enrolled_students`.`id` FROM `enrolled_students` WHERE `enrolled_students`.`email` = 'kjittano@ucsd.edu' LIMIT 1[0m
  [1m[35mSQL (0.1ms)[0m  ROLLBACK
  [1m[36mSQL (0.1ms)[0m  [1mBEGIN[0m
  [1m[35mUser Load (0.8ms)[0m  SELECT `users`.`id` FROM `users` WHERE (LOWER(`users`.`email`) = LOWER('pkakeas@ucsd.edu')) AND (`users`.id <> 73) LIMIT 1
  [1m[36mEnrolledStudent Load (0.2ms)[0m  [1mSELECT `enrolled_students`.`id` FROM `enrolled_students` WHERE `enrolled_students`.`email` = 'pkakeas@ucsd.edu' LIMIT 1[0m
  [1m[35mSQL (0.1ms)[0m  ROLLBACK
  [1m[36mSQL (0.1ms)[0m  [1mBEGIN[0m
  [1m[35mUser Load (0.7ms)[0m  SELECT `users`.`id` FROM `users` WHERE (LOWER(`users`.`email`) = LOWER('ayke@ucsd.edu')) AND (`users`.id <> 74) LIMIT 1
  [1m[36mEnrolledStudent Load (0.3ms)[0m  [1mSELECT `enrolled_students`.`id` FROM `enrolled_students` WHERE `enrolled_students`.`email` = 'ayke@ucsd.edu' LIMIT 1[0m
  [1m[35mSQL (0.1ms)[0m  ROLLBACK
  [1m[36mSQL (0.1ms)[0m  [1mBEGIN[0m
  [1m[35mUser Load (0.8ms)[0m  SELECT `users`.`id` FROM `users` WHERE (LOWER(`users`.`email`) = LOWER('bakim@ucsd.edu')) AND (`users`.id <> 75) LIMIT 1
  [1m[36mEnrolledStudent Load (0.4ms)[0m  [1mSELECT `enrolled_students`.`id` FROM `enrolled_students` WHERE `enrolled_students`.`email` = 'bakim@ucsd.edu' LIMIT 1[0m
  [1m[35mSQL (0.1ms)[0m  ROLLBACK
  [1m[36mSQL (0.1ms)[0m  [1mBEGIN[0m
  [1m[35mUser Load (1.4ms)[0m  SELECT `users`.`id` FROM `users` WHERE (LOWER(`users`.`email`) = LOWER('akiss@ucsd.edu')) AND (`users`.id <> 76) LIMIT 1
  [1m[36mEnrolledStudent Load (0.6ms)[0m  [1mSELECT `enrolled_students`.`id` FROM `enrolled_students` WHERE `enrolled_students`.`email` = 'akiss@ucsd.edu' LIMIT 1[0m
  [1m[35mSQL (0.1ms)[0m  ROLLBACK
  [1m[36mSQL (0.1ms)[0m  [1mBEGIN[0m
  [1m[35mUser Load (0.8ms)[0m  SELECT `users`.`id` FROM `users` WHERE (LOWER(`users`.`email`) = LOWER('w1kwan@ucsd.edu')) AND (`users`.id <> 77) LIMIT 1
  [1m[36mEnrolledStudent Load (0.2ms)[0m  [1mSELECT `enrolled_students`.`id` FROM `enrolled_students` WHERE `enrolled_students`.`email` = 'w1kwan@ucsd.edu' LIMIT 1[0m
  [1m[35mSQL (0.1ms)[0m  ROLLBACK
  [1m[36mSQL (0.2ms)[0m  [1mBEGIN[0m
  [1m[35mUser Load (0.7ms)[0m  SELECT `users`.`id` FROM `users` WHERE (LOWER(`users`.`email`) = LOWER('tkyi@ucsd.edu')) AND (`users`.id <> 78) LIMIT 1
  [1m[36mEnrolledStudent Load (0.2ms)[0m  [1mSELECT `enrolled_students`.`id` FROM `enrolled_students` WHERE `enrolled_students`.`email` = 'tkyi@ucsd.edu' LIMIT 1[0m
  [1m[35mSQL (0.1ms)[0m  ROLLBACK
  [1m[36mSQL (0.1ms)[0m  [1mBEGIN[0m
  [1m[35mUser Load (0.7ms)[0m  SELECT `users`.`id` FROM `users` WHERE (LOWER(`users`.`email`) = LOWER('melapier@ucsd.edu')) AND (`users`.id <> 79) LIMIT 1
  [1m[36mEnrolledStudent Load (0.2ms)[0m  [1mSELECT `enrolled_students`.`id` FROM `enrolled_students` WHERE `enrolled_students`.`email` = 'melapier@ucsd.edu' LIMIT 1[0m
  [1m[35mSQL (0.1ms)[0m  ROLLBACK
  [1m[36mSQL (0.1ms)[0m  [1mBEGIN[0m
  [1m[35mUser Load (0.8ms)[0m  SELECT `users`.`id` FROM `users` WHERE (LOWER(`users`.`email`) = LOWER('jwlai@ucsd.edu')) AND (`users`.id <> 80) LIMIT 1
  [1m[36mEnrolledStudent Load (0.4ms)[0m  [1mSELECT `enrolled_students`.`id` FROM `enrolled_students` WHERE `enrolled_students`.`email` = 'jwlai@ucsd.edu' LIMIT 1[0m
  [1m[35mSQL (0.2ms)[0m  ROLLBACK
  [1m[36mSQL (0.1ms)[0m  [1mBEGIN[0m
  [1m[35mUser Load (0.8ms)[0m  SELECT `users`.`id` FROM `users` WHERE (LOWER(`users`.`email`) = LOWER('yilai@ucsd.edu')) AND (`users`.id <> 81) LIMIT 1
  [1m[36mEnrolledStudent Load (0.3ms)[0m  [1mSELECT `enrolled_students`.`id` FROM `enrolled_students` WHERE `enrolled_students`.`email` = 'yilai@ucsd.edu' LIMIT 1[0m
  [1m[35mSQL (0.1ms)[0m  ROLLBACK
  [1m[36mSQL (0.1ms)[0m  [1mBEGIN[0m
  [1m[35mUser Load (0.8ms)[0m  SELECT `users`.`id` FROM `users` WHERE (LOWER(`users`.`email`) = LOWER('jlammott@ucsd.edu')) AND (`users`.id <> 82) LIMIT 1
  [1m[36mEnrolledStudent Load (0.2ms)[0m  [1mSELECT `enrolled_students`.`id` FROM `enrolled_students` WHERE `enrolled_students`.`email` = 'jlammott@ucsd.edu' LIMIT 1[0m
  [1m[35mSQL (0.1ms)[0m  ROLLBACK
  [1m[36mSQL (0.1ms)[0m  [1mBEGIN[0m
  [1m[35mUser Load (0.7ms)[0m  SELECT `users`.`id` FROM `users` WHERE (LOWER(`users`.`email`) = LOWER('nlamori@ucsd.edu')) AND (`users`.id <> 83) LIMIT 1
  [1m[36mEnrolledStudent Load (0.2ms)[0m  [1mSELECT `enrolled_students`.`id` FROM `enrolled_students` WHERE `enrolled_students`.`email` = 'nlamori@ucsd.edu' LIMIT 1[0m
  [1m[35mSQL (0.1ms)[0m  ROLLBACK
  [1m[36mSQL (0.1ms)[0m  [1mBEGIN[0m
  [1m[35mUser Load (0.7ms)[0m  SELECT `users`.`id` FROM `users` WHERE (LOWER(`users`.`email`) = LOWER('anl011@ucsd.edu')) AND (`users`.id <> 84) LIMIT 1
  [1m[36mEnrolledStudent Load (0.2ms)[0m  [1mSELECT `enrolled_students`.`id` FROM `enrolled_students` WHERE `enrolled_students`.`email` = 'anl011@ucsd.edu' LIMIT 1[0m
  [1m[35mSQL (0.1ms)[0m  ROLLBACK
  [1m[36mSQL (0.2ms)[0m  [1mBEGIN[0m
  [1m[35mUser Load (0.7ms)[0m  SELECT `users`.`id` FROM `users` WHERE (LOWER(`users`.`email`) = LOWER('dnl001@ucsd.edu')) AND (`users`.id <> 85) LIMIT 1
  [1m[36mEnrolledStudent Load (0.2ms)[0m  [1mSELECT `enrolled_students`.`id` FROM `enrolled_students` WHERE `enrolled_students`.`email` = 'dnl001@ucsd.edu' LIMIT 1[0m
  [1m[35mSQL (0.1ms)[0m  ROLLBACK
  [1m[36mSQL (0.1ms)[0m  [1mBEGIN[0m
  [1m[35mUser Load (0.7ms)[0m  SELECT `users`.`id` FROM `users` WHERE (LOWER(`users`.`email`) = LOWER('pale@ucsd.edu')) AND (`users`.id <> 86) LIMIT 1
  [1m[36mEnrolledStudent Load (0.2ms)[0m  [1mSELECT `enrolled_students`.`id` FROM `enrolled_students` WHERE `enrolled_students`.`email` = 'pale@ucsd.edu' LIMIT 1[0m
  [1m[35mSQL (0.1ms)[0m  ROLLBACK
  [1m[36mSQL (0.2ms)[0m  [1mBEGIN[0m
  [1m[35mUser Load (0.8ms)[0m  SELECT `users`.`id` FROM `users` WHERE (LOWER(`users`.`email`) = LOWER('dal039@ucsd.edu')) AND (`users`.id <> 87) LIMIT 1
  [1m[36mEnrolledStudent Load (0.3ms)[0m  [1mSELECT `enrolled_students`.`id` FROM `enrolled_students` WHERE `enrolled_students`.`email` = 'dal039@ucsd.edu' LIMIT 1[0m
  [1m[35mSQL (0.2ms)[0m  ROLLBACK
  [1m[36mSQL (0.1ms)[0m  [1mBEGIN[0m
  [1m[35mUser Load (0.7ms)[0m  SELECT `users`.`id` FROM `users` WHERE (LOWER(`users`.`email`) = LOWER('mhl023@ucsd.edu')) AND (`users`.id <> 88) LIMIT 1
  [1m[36mEnrolledStudent Load (0.2ms)[0m  [1mSELECT `enrolled_students`.`id` FROM `enrolled_students` WHERE `enrolled_students`.`email` = 'mhl023@ucsd.edu' LIMIT 1[0m
  [1m[35mSQL (0.1ms)[0m  ROLLBACK
  [1m[36mSQL (0.1ms)[0m  [1mBEGIN[0m
  [1m[35mUser Load (0.8ms)[0m  SELECT `users`.`id` FROM `users` WHERE (LOWER(`users`.`email`) = LOWER('djlevine@ucsd.edu')) AND (`users`.id <> 89) LIMIT 1
  [1m[36mEnrolledStudent Load (0.2ms)[0m  [1mSELECT `enrolled_students`.`id` FROM `enrolled_students` WHERE `enrolled_students`.`email` = 'djlevine@ucsd.edu' LIMIT 1[0m
  [1m[35mSQL (0.1ms)[0m  ROLLBACK
  [1m[36mSQL (0.1ms)[0m  [1mBEGIN[0m
  [1m[35mUser Load (0.7ms)[0m  SELECT `users`.`id` FROM `users` WHERE (LOWER(`users`.`email`) = LOWER('hel012@ucsd.edu')) AND (`users`.id <> 90) LIMIT 1
  [1m[36mEnrolledStudent Load (0.2ms)[0m  [1mSELECT `enrolled_students`.`id` FROM `enrolled_students` WHERE `enrolled_students`.`email` = 'hel012@ucsd.edu' LIMIT 1[0m
  [1m[35mSQL (0.1ms)[0m  ROLLBACK
  [1m[36mSQL (0.2ms)[0m  [1mBEGIN[0m
  [1m[35mUser Load (0.8ms)[0m  SELECT `users`.`id` FROM `users` WHERE (LOWER(`users`.`email`) = LOWER('arliao@ucsd.edu')) AND (`users`.id <> 91) LIMIT 1
  [1m[36mEnrolledStudent Load (0.5ms)[0m  [1mSELECT `enrolled_students`.`id` FROM `enrolled_students` WHERE `enrolled_students`.`email` = 'arliao@ucsd.edu' LIMIT 1[0m
  [1m[35mSQL (0.1ms)[0m  ROLLBACK
  [1m[36mSQL (0.1ms)[0m  [1mBEGIN[0m
  [1m[35mUser Load (0.7ms)[0m  SELECT `users`.`id` FROM `users` WHERE (LOWER(`users`.`email`) = LOWER('joliao@ucsd.edu')) AND (`users`.id <> 92) LIMIT 1
  [1m[36mEnrolledStudent Load (0.2ms)[0m  [1mSELECT `enrolled_students`.`id` FROM `enrolled_students` WHERE `enrolled_students`.`email` = 'joliao@ucsd.edu' LIMIT 1[0m
  [1m[35mSQL (0.1ms)[0m  ROLLBACK
  [1m[36mSQL (0.1ms)[0m  [1mBEGIN[0m
  [1m[35mUser Load (0.7ms)[0m  SELECT `users`.`id` FROM `users` WHERE (LOWER(`users`.`email`) = LOWER('cliew@ucsd.edu')) AND (`users`.id <> 93) LIMIT 1
  [1m[36mEnrolledStudent Load (0.2ms)[0m  [1mSELECT `enrolled_students`.`id` FROM `enrolled_students` WHERE `enrolled_students`.`email` = 'cliew@ucsd.edu' LIMIT 1[0m
  [1m[35mSQL (0.1ms)[0m  ROLLBACK
  [1m[36mSQL (0.1ms)[0m  [1mBEGIN[0m
  [1m[35mUser Load (0.7ms)[0m  SELECT `users`.`id` FROM `users` WHERE (LOWER(`users`.`email`) = LOWER('ehlim@ucsd.edu')) AND (`users`.id <> 94) LIMIT 1
  [1m[36mEnrolledStudent Load (0.2ms)[0m  [1mSELECT `enrolled_students`.`id` FROM `enrolled_students` WHERE `enrolled_students`.`email` = 'ehlim@ucsd.edu' LIMIT 1[0m
  [1m[35mSQL (0.2ms)[0m  ROLLBACK
  [1m[36mSQL (0.1ms)[0m  [1mBEGIN[0m
  [1m[35mUser Load (0.8ms)[0m  SELECT `users`.`id` FROM `users` WHERE (LOWER(`users`.`email`) = LOWER('mel009@ucsd.edu')) AND (`users`.id <> 95) LIMIT 1
  [1m[36mEnrolledStudent Load (0.2ms)[0m  [1mSELECT `enrolled_students`.`id` FROM `enrolled_students` WHERE `enrolled_students`.`email` = 'mel009@ucsd.edu' LIMIT 1[0m
  [1m[35mSQL (0.1ms)[0m  ROLLBACK
  [1m[36mSQL (0.1ms)[0m  [1mBEGIN[0m
  [1m[35mUser Load (0.7ms)[0m  SELECT `users`.`id` FROM `users` WHERE (LOWER(`users`.`email`) = LOWER('scl008@ucsd.edu')) AND (`users`.id <> 96) LIMIT 1
  [1m[36mEnrolledStudent Load (0.2ms)[0m  [1mSELECT `enrolled_students`.`id` FROM `enrolled_students` WHERE `enrolled_students`.`email` = 'scl008@ucsd.edu' LIMIT 1[0m
  [1m[35mSQL (0.1ms)[0m  ROLLBACK
  [1m[36mSQL (0.1ms)[0m  [1mBEGIN[0m
  [1m[35mUser Load (0.7ms)[0m  SELECT `users`.`id` FROM `users` WHERE (LOWER(`users`.`email`) = LOWER('wylin@ucsd.edu')) AND (`users`.id <> 97) LIMIT 1
  [1m[36mEnrolledStudent Load (0.2ms)[0m  [1mSELECT `enrolled_students`.`id` FROM `enrolled_students` WHERE `enrolled_students`.`email` = 'wylin@ucsd.edu' LIMIT 1[0m
  [1m[35mSQL (0.1ms)[0m  ROLLBACK
  [1m[36mSQL (0.1ms)[0m  [1mBEGIN[0m
  [1m[35mUser Load (0.8ms)[0m  SELECT `users`.`id` FROM `users` WHERE (LOWER(`users`.`email`) = LOWER('suliu@ucsd.edu')) AND (`users`.id <> 98) LIMIT 1
  [1m[36mEnrolledStudent Load (0.2ms)[0m  [1mSELECT `enrolled_students`.`id` FROM `enrolled_students` WHERE `enrolled_students`.`email` = 'suliu@ucsd.edu' LIMIT 1[0m
  [1m[35mSQL (0.1ms)[0m  ROLLBACK
  [1m[36mSQL (0.1ms)[0m  [1mBEGIN[0m
  [1m[35mUser Load (0.8ms)[0m  SELECT `users`.`id` FROM `users` WHERE (LOWER(`users`.`email`) = LOWER('j9lu@ucsd.edu')) AND (`users`.id <> 99) LIMIT 1
  [1m[36mEnrolledStudent Load (0.2ms)[0m  [1mSELECT `enrolled_students`.`id` FROM `enrolled_students` WHERE `enrolled_students`.`email` = 'j9lu@ucsd.edu' LIMIT 1[0m
  [1m[35mSQL (0.1ms)[0m  ROLLBACK
  [1m[36mSQL (0.1ms)[0m  [1mBEGIN[0m
  [1m[35mUser Load (0.7ms)[0m  SELECT `users`.`id` FROM `users` WHERE (LOWER(`users`.`email`) = LOWER('mslu@ucsd.edu')) AND (`users`.id <> 100) LIMIT 1
  [1m[36mEnrolledStudent Load (0.2ms)[0m  [1mSELECT `enrolled_students`.`id` FROM `enrolled_students` WHERE `enrolled_students`.`email` = 'mslu@ucsd.edu' LIMIT 1[0m
  [1m[35mSQL (0.1ms)[0m  ROLLBACK
  [1m[36mSQL (0.2ms)[0m  [1mBEGIN[0m
  [1m[35mUser Load (1.0ms)[0m  SELECT `users`.`id` FROM `users` WHERE (LOWER(`users`.`email`) = LOWER('w9lu@ucsd.edu')) AND (`users`.id <> 101) LIMIT 1
  [1m[36mEnrolledStudent Load (0.2ms)[0m  [1mSELECT `enrolled_students`.`id` FROM `enrolled_students` WHERE `enrolled_students`.`email` = 'w9lu@ucsd.edu' LIMIT 1[0m
  [1m[35mSQL (0.1ms)[0m  ROLLBACK
  [1m[36mSQL (0.1ms)[0m  [1mBEGIN[0m
  [1m[35mUser Load (0.8ms)[0m  SELECT `users`.`id` FROM `users` WHERE (LOWER(`users`.`email`) = LOWER('btly@ucsd.edu')) AND (`users`.id <> 102) LIMIT 1
  [1m[36mEnrolledStudent Load (0.2ms)[0m  [1mSELECT `enrolled_students`.`id` FROM `enrolled_students` WHERE `enrolled_students`.`email` = 'btly@ucsd.edu' LIMIT 1[0m
  [1m[35mSQL (0.1ms)[0m  ROLLBACK
  [1m[36mSQL (0.1ms)[0m  [1mBEGIN[0m
  [1m[35mUser Load (0.7ms)[0m  SELECT `users`.`id` FROM `users` WHERE (LOWER(`users`.`email`) = LOWER('t2ma@ucsd.edu')) AND (`users`.id <> 103) LIMIT 1
  [1m[36mEnrolledStudent Load (0.2ms)[0m  [1mSELECT `enrolled_students`.`id` FROM `enrolled_students` WHERE `enrolled_students`.`email` = 't2ma@ucsd.edu' LIMIT 1[0m
  [1m[35mSQL (0.1ms)[0m  ROLLBACK
  [1m[36mSQL (0.1ms)[0m  [1mBEGIN[0m
  [1m[35mUser Load (0.9ms)[0m  SELECT `users`.`id` FROM `users` WHERE (LOWER(`users`.`email`) = LOWER('s2mahdav@ucsd.edu')) AND (`users`.id <> 104) LIMIT 1
  [1m[36mEnrolledStudent Load (0.3ms)[0m  [1mSELECT `enrolled_students`.`id` FROM `enrolled_students` WHERE `enrolled_students`.`email` = 's2mahdav@ucsd.edu' LIMIT 1[0m
  [1m[35mSQL (0.1ms)[0m  ROLLBACK
  [1m[36mSQL (0.1ms)[0m  [1mBEGIN[0m
  [1m[35mUser Load (0.8ms)[0m  SELECT `users`.`id` FROM `users` WHERE (LOWER(`users`.`email`) = LOWER('bmandel@ucsd.edu')) AND (`users`.id <> 105) LIMIT 1
  [1m[36mEnrolledStudent Load (0.4ms)[0m  [1mSELECT `enrolled_students`.`id` FROM `enrolled_students` WHERE `enrolled_students`.`email` = 'bmandel@ucsd.edu' LIMIT 1[0m
  [1m[35mSQL (0.1ms)[0m  ROLLBACK
  [1m[36mSQL (0.1ms)[0m  [1mBEGIN[0m
  [1m[35mUser Load (0.8ms)[0m  SELECT `users`.`id` FROM `users` WHERE (LOWER(`users`.`email`) = LOWER('amazumda@ucsd.edu')) AND (`users`.id <> 106) LIMIT 1
  [1m[36mEnrolledStudent Load (0.3ms)[0m  [1mSELECT `enrolled_students`.`id` FROM `enrolled_students` WHERE `enrolled_students`.`email` = 'amazumda@ucsd.edu' LIMIT 1[0m
  [1m[35mSQL (0.1ms)[0m  ROLLBACK
  [1m[36mSQL (0.1ms)[0m  [1mBEGIN[0m
  [1m[35mUser Load (0.7ms)[0m  SELECT `users`.`id` FROM `users` WHERE (LOWER(`users`.`email`) = LOWER('kjmeans@ucsd.edu')) AND (`users`.id <> 107) LIMIT 1
  [1m[36mEnrolledStudent Load (0.2ms)[0m  [1mSELECT `enrolled_students`.`id` FROM `enrolled_students` WHERE `enrolled_students`.`email` = 'kjmeans@ucsd.edu' LIMIT 1[0m
  [1m[35mSQL (0.1ms)[0m  ROLLBACK
  [1m[36mSQL (0.1ms)[0m  [1mBEGIN[0m
  [1m[35mUser Load (0.7ms)[0m  SELECT `users`.`id` FROM `users` WHERE (LOWER(`users`.`email`) = LOWER('scmo@ucsd.edu')) AND (`users`.id <> 108) LIMIT 1
  [1m[36mEnrolledStudent Load (0.2ms)[0m  [1mSELECT `enrolled_students`.`id` FROM `enrolled_students` WHERE `enrolled_students`.`email` = 'scmo@ucsd.edu' LIMIT 1[0m
  [1m[35mSQL (0.1ms)[0m  ROLLBACK
  [1m[36mSQL (0.1ms)[0m  [1mBEGIN[0m
  [1m[35mUser Load (0.7ms)[0m  SELECT `users`.`id` FROM `users` WHERE (LOWER(`users`.`email`) = LOWER('lhmun@ucsd.edu')) AND (`users`.id <> 109) LIMIT 1
  [1m[36mEnrolledStudent Load (0.2ms)[0m  [1mSELECT `enrolled_students`.`id` FROM `enrolled_students` WHERE `enrolled_students`.`email` = 'lhmun@ucsd.edu' LIMIT 1[0m
  [1m[35mSQL (0.1ms)[0m  ROLLBACK
  [1m[36mSQL (0.1ms)[0m  [1mBEGIN[0m
  [1m[35mUser Load (0.7ms)[0m  SELECT `users`.`id` FROM `users` WHERE (LOWER(`users`.`email`) = LOWER('emuntean@ucsd.edu')) AND (`users`.id <> 110) LIMIT 1
  [1m[36mEnrolledStudent Load (0.2ms)[0m  [1mSELECT `enrolled_students`.`id` FROM `enrolled_students` WHERE `enrolled_students`.`email` = 'emuntean@ucsd.edu' LIMIT 1[0m
  [1m[35mSQL (0.1ms)[0m  ROLLBACK
  [1m[36mSQL (0.1ms)[0m  [1mBEGIN[0m
  [1m[35mUser Load (0.7ms)[0m  SELECT `users`.`id` FROM `users` WHERE (LOWER(`users`.`email`) = LOWER('ymurase@ucsd.edu')) AND (`users`.id <> 111) LIMIT 1
  [1m[36mEnrolledStudent Load (0.2ms)[0m  [1mSELECT `enrolled_students`.`id` FROM `enrolled_students` WHERE `enrolled_students`.`email` = 'ymurase@ucsd.edu' LIMIT 1[0m
  [1m[35mSQL (0.1ms)[0m  ROLLBACK
  [1m[36mSQL (0.1ms)[0m  [1mBEGIN[0m
  [1m[35mUser Load (0.7ms)[0m  SELECT `users`.`id` FROM `users` WHERE (LOWER(`users`.`email`) = LOWER('gnewbrou@ucsd.edu')) AND (`users`.id <> 112) LIMIT 1
  [1m[36mEnrolledStudent Load (0.2ms)[0m  [1mSELECT `enrolled_students`.`id` FROM `enrolled_students` WHERE `enrolled_students`.`email` = 'gnewbrou@ucsd.edu' LIMIT 1[0m
  [1m[35mSQL (0.1ms)[0m  ROLLBACK
  [1m[36mSQL (0.1ms)[0m  [1mBEGIN[0m
  [1m[35mUser Load (0.7ms)[0m  SELECT `users`.`id` FROM `users` WHERE (LOWER(`users`.`email`) = LOWER('kvn007@ucsd.edu')) AND (`users`.id <> 113) LIMIT 1
  [1m[36mEnrolledStudent Load (0.2ms)[0m  [1mSELECT `enrolled_students`.`id` FROM `enrolled_students` WHERE `enrolled_students`.`email` = 'kvn007@ucsd.edu' LIMIT 1[0m
  [1m[35mSQL (0.1ms)[0m  ROLLBACK
  [1m[36mSQL (0.1ms)[0m  [1mBEGIN[0m
  [1m[35mUser Load (0.7ms)[0m  SELECT `users`.`id` FROM `users` WHERE (LOWER(`users`.`email`) = LOWER('ahn006@ucsd.edu')) AND (`users`.id <> 114) LIMIT 1
  [1m[36mEnrolledStudent Load (0.2ms)[0m  [1mSELECT `enrolled_students`.`id` FROM `enrolled_students` WHERE `enrolled_students`.`email` = 'ahn006@ucsd.edu' LIMIT 1[0m
  [1m[35mSQL (0.1ms)[0m  ROLLBACK
  [1m[36mSQL (0.1ms)[0m  [1mBEGIN[0m
  [1m[35mUser Load (0.7ms)[0m  SELECT `users`.`id` FROM `users` WHERE (LOWER(`users`.`email`) = LOWER('cbn004@ucsd.edu')) AND (`users`.id <> 115) LIMIT 1
  [1m[36mEnrolledStudent Load (0.2ms)[0m  [1mSELECT `enrolled_students`.`id` FROM `enrolled_students` WHERE `enrolled_students`.`email` = 'cbn004@ucsd.edu' LIMIT 1[0m
  [1m[35mSQL (0.1ms)[0m  ROLLBACK
  [1m[36mSQL (0.1ms)[0m  [1mBEGIN[0m
  [1m[35mUser Load (0.7ms)[0m  SELECT `users`.`id` FROM `users` WHERE (LOWER(`users`.`email`) = LOWER('jhn005@ucsd.edu')) AND (`users`.id <> 116) LIMIT 1
  [1m[36mEnrolledStudent Load (0.2ms)[0m  [1mSELECT `enrolled_students`.`id` FROM `enrolled_students` WHERE `enrolled_students`.`email` = 'jhn005@ucsd.edu' LIMIT 1[0m
  [1m[35mSQL (0.1ms)[0m  ROLLBACK
  [1m[36mSQL (0.1ms)[0m  [1mBEGIN[0m
  [1m[35mUser Load (0.7ms)[0m  SELECT `users`.`id` FROM `users` WHERE (LOWER(`users`.`email`) = LOWER('jen022@ucsd.edu')) AND (`users`.id <> 117) LIMIT 1
  [1m[36mEnrolledStudent Load (0.2ms)[0m  [1mSELECT `enrolled_students`.`id` FROM `enrolled_students` WHERE `enrolled_students`.`email` = 'jen022@ucsd.edu' LIMIT 1[0m
  [1m[35mSQL (0.1ms)[0m  ROLLBACK
  [1m[36mSQL (0.1ms)[0m  [1mBEGIN[0m
  [1m[35mUser Load (0.7ms)[0m  SELECT `users`.`id` FROM `users` WHERE (LOWER(`users`.`email`) = LOWER('kgn002@ucsd.edu')) AND (`users`.id <> 118) LIMIT 1
  [1m[36mEnrolledStudent Load (0.2ms)[0m  [1mSELECT `enrolled_students`.`id` FROM `enrolled_students` WHERE `enrolled_students`.`email` = 'kgn002@ucsd.edu' LIMIT 1[0m
  [1m[35mSQL (0.1ms)[0m  ROLLBACK
  [1m[36mSQL (0.1ms)[0m  [1mBEGIN[0m
  [1m[35mUser Load (0.7ms)[0m  SELECT `users`.`id` FROM `users` WHERE (LOWER(`users`.`email`) = LOWER('min014@ucsd.edu')) AND (`users`.id <> 119) LIMIT 1
  [1m[36mEnrolledStudent Load (0.2ms)[0m  [1mSELECT `enrolled_students`.`id` FROM `enrolled_students` WHERE `enrolled_students`.`email` = 'min014@ucsd.edu' LIMIT 1[0m
  [1m[35mSQL (0.1ms)[0m  ROLLBACK
  [1m[36mSQL (0.1ms)[0m  [1mBEGIN[0m
  [1m[35mUser Load (0.7ms)[0m  SELECT `users`.`id` FROM `users` WHERE (LOWER(`users`.`email`) = LOWER('stn008@ucsd.edu')) AND (`users`.id <> 120) LIMIT 1
  [1m[36mEnrolledStudent Load (0.2ms)[0m  [1mSELECT `enrolled_students`.`id` FROM `enrolled_students` WHERE `enrolled_students`.`email` = 'stn008@ucsd.edu' LIMIT 1[0m
  [1m[35mSQL (0.1ms)[0m  ROLLBACK
  [1m[36mSQL (0.1ms)[0m  [1mBEGIN[0m
  [1m[35mUser Load (0.7ms)[0m  SELECT `users`.`id` FROM `users` WHERE (LOWER(`users`.`email`) = LOWER('cgnichol@ucsd.edu')) AND (`users`.id <> 121) LIMIT 1
  [1m[36mEnrolledStudent Load (0.2ms)[0m  [1mSELECT `enrolled_students`.`id` FROM `enrolled_students` WHERE `enrolled_students`.`email` = 'cgnichol@ucsd.edu' LIMIT 1[0m
  [1m[35mSQL (0.1ms)[0m  ROLLBACK
  [1m[36mSQL (0.1ms)[0m  [1mBEGIN[0m
  [1m[35mUser Load (0.7ms)[0m  SELECT `users`.`id` FROM `users` WHERE (LOWER(`users`.`email`) = LOWER('knies@ucsd.edu')) AND (`users`.id <> 122) LIMIT 1
  [1m[36mEnrolledStudent Load (0.2ms)[0m  [1mSELECT `enrolled_students`.`id` FROM `enrolled_students` WHERE `enrolled_students`.`email` = 'knies@ucsd.edu' LIMIT 1[0m
  [1m[35mSQL (0.1ms)[0m  ROLLBACK
  [1m[36mSQL (0.1ms)[0m  [1mBEGIN[0m
  [1m[35mUser Load (0.7ms)[0m  SELECT `users`.`id` FROM `users` WHERE (LOWER(`users`.`email`) = LOWER('jnonno@ucsd.edu')) AND (`users`.id <> 123) LIMIT 1
  [1m[36mEnrolledStudent Load (0.2ms)[0m  [1mSELECT `enrolled_students`.`id` FROM `enrolled_students` WHERE `enrolled_students`.`email` = 'jnonno@ucsd.edu' LIMIT 1[0m
  [1m[35mSQL (0.1ms)[0m  ROLLBACK
  [1m[36mSQL (0.1ms)[0m  [1mBEGIN[0m
  [1m[35mUser Load (1.7ms)[0m  SELECT `users`.`id` FROM `users` WHERE (LOWER(`users`.`email`) = LOWER('eoverbey@ucsd.edu')) AND (`users`.id <> 124) LIMIT 1
  [1m[36mEnrolledStudent Load (0.3ms)[0m  [1mSELECT `enrolled_students`.`id` FROM `enrolled_students` WHERE `enrolled_students`.`email` = 'eoverbey@ucsd.edu' LIMIT 1[0m
  [1m[35mSQL (0.1ms)[0m  ROLLBACK
  [1m[36mSQL (0.1ms)[0m  [1mBEGIN[0m
  [1m[35mUser Load (0.7ms)[0m  SELECT `users`.`id` FROM `users` WHERE (LOWER(`users`.`email`) = LOWER('hap016@ucsd.edu')) AND (`users`.id <> 125) LIMIT 1
  [1m[36mEnrolledStudent Load (0.2ms)[0m  [1mSELECT `enrolled_students`.`id` FROM `enrolled_students` WHERE `enrolled_students`.`email` = 'hap016@ucsd.edu' LIMIT 1[0m
  [1m[35mSQL (0.1ms)[0m  ROLLBACK
  [1m[36mSQL (0.1ms)[0m  [1mBEGIN[0m
  [1m[35mUser Load (0.7ms)[0m  SELECT `users`.`id` FROM `users` WHERE (LOWER(`users`.`email`) = LOWER('jparmar@ucsd.edu')) AND (`users`.id <> 126) LIMIT 1
  [1m[36mEnrolledStudent Load (0.2ms)[0m  [1mSELECT `enrolled_students`.`id` FROM `enrolled_students` WHERE `enrolled_students`.`email` = 'jparmar@ucsd.edu' LIMIT 1[0m
  [1m[35mSQL (0.1ms)[0m  ROLLBACK
  [1m[36mSQL (0.1ms)[0m  [1mBEGIN[0m
  [1m[35mUser Load (0.7ms)[0m  SELECT `users`.`id` FROM `users` WHERE (LOWER(`users`.`email`) = LOWER('bparseki@ucsd.edu')) AND (`users`.id <> 127) LIMIT 1
  [1m[36mEnrolledStudent Load (0.2ms)[0m  [1mSELECT `enrolled_students`.`id` FROM `enrolled_students` WHERE `enrolled_students`.`email` = 'bparseki@ucsd.edu' LIMIT 1[0m
  [1m[35mSQL (0.1ms)[0m  ROLLBACK
  [1m[36mSQL (0.1ms)[0m  [1mBEGIN[0m
  [1m[35mUser Load (0.7ms)[0m  SELECT `users`.`id` FROM `users` WHERE (LOWER(`users`.`email`) = LOWER('stperry@ucsd.edu')) AND (`users`.id <> 128) LIMIT 1
  [1m[36mEnrolledStudent Load (0.2ms)[0m  [1mSELECT `enrolled_students`.`id` FROM `enrolled_students` WHERE `enrolled_students`.`email` = 'stperry@ucsd.edu' LIMIT 1[0m
  [1m[35mSQL (0.1ms)[0m  ROLLBACK
  [1m[36mSQL (0.1ms)[0m  [1mBEGIN[0m
  [1m[35mUser Load (0.7ms)[0m  SELECT `users`.`id` FROM `users` WHERE (LOWER(`users`.`email`) = LOWER('ctp001@ucsd.edu')) AND (`users`.id <> 129) LIMIT 1
  [1m[36mEnrolledStudent Load (0.2ms)[0m  [1mSELECT `enrolled_students`.`id` FROM `enrolled_students` WHERE `enrolled_students`.`email` = 'ctp001@ucsd.edu' LIMIT 1[0m
  [1m[35mSQL (0.1ms)[0m  ROLLBACK
  [1m[36mSQL (0.1ms)[0m  [1mBEGIN[0m
  [1m[35mUser Load (0.7ms)[0m  SELECT `users`.`id` FROM `users` WHERE (LOWER(`users`.`email`) = LOWER('hppham@ucsd.edu')) AND (`users`.id <> 130) LIMIT 1
  [1m[36mEnrolledStudent Load (0.2ms)[0m  [1mSELECT `enrolled_students`.`id` FROM `enrolled_students` WHERE `enrolled_students`.`email` = 'hppham@ucsd.edu' LIMIT 1[0m
  [1m[35mSQL (0.1ms)[0m  ROLLBACK
  [1m[36mSQL (0.1ms)[0m  [1mBEGIN[0m
  [1m[35mUser Load (0.7ms)[0m  SELECT `users`.`id` FROM `users` WHERE (LOWER(`users`.`email`) = LOWER('erphu@ucsd.edu')) AND (`users`.id <> 131) LIMIT 1
  [1m[36mEnrolledStudent Load (0.2ms)[0m  [1mSELECT `enrolled_students`.`id` FROM `enrolled_students` WHERE `enrolled_students`.`email` = 'erphu@ucsd.edu' LIMIT 1[0m
  [1m[35mSQL (0.1ms)[0m  ROLLBACK
  [1m[36mSQL (0.1ms)[0m  [1mBEGIN[0m
  [1m[35mUser Load (0.7ms)[0m  SELECT `users`.`id` FROM `users` WHERE (LOWER(`users`.`email`) = LOWER('lpickett@ucsd.edu')) AND (`users`.id <> 132) LIMIT 1
  [1m[36mEnrolledStudent Load (0.2ms)[0m  [1mSELECT `enrolled_students`.`id` FROM `enrolled_students` WHERE `enrolled_students`.`email` = 'lpickett@ucsd.edu' LIMIT 1[0m
  [1m[35mSQL (0.1ms)[0m  ROLLBACK
  [1m[36mSQL (0.1ms)[0m  [1mBEGIN[0m
  [1m[35mUser Load (0.7ms)[0m  SELECT `users`.`id` FROM `users` WHERE (LOWER(`users`.`email`) = LOWER('tpollak@ucsd.edu')) AND (`users`.id <> 133) LIMIT 1
  [1m[36mEnrolledStudent Load (0.2ms)[0m  [1mSELECT `enrolled_students`.`id` FROM `enrolled_students` WHERE `enrolled_students`.`email` = 'tpollak@ucsd.edu' LIMIT 1[0m
  [1m[35mSQL (0.1ms)[0m  ROLLBACK
  [1m[36mSQL (0.1ms)[0m  [1mBEGIN[0m
  [1m[35mUser Load (0.7ms)[0m  SELECT `users`.`id` FROM `users` WHERE (LOWER(`users`.`email`) = LOWER('bqin@ucsd.edu')) AND (`users`.id <> 134) LIMIT 1
  [1m[36mEnrolledStudent Load (0.2ms)[0m  [1mSELECT `enrolled_students`.`id` FROM `enrolled_students` WHERE `enrolled_students`.`email` = 'bqin@ucsd.edu' LIMIT 1[0m
  [1m[35mSQL (0.1ms)[0m  ROLLBACK
  [1m[36mSQL (0.1ms)[0m  [1mBEGIN[0m
  [1m[35mUser Load (0.7ms)[0m  SELECT `users`.`id` FROM `users` WHERE (LOWER(`users`.`email`) = LOWER('heqin@ucsd.edu')) AND (`users`.id <> 135) LIMIT 1
  [1m[36mEnrolledStudent Load (0.2ms)[0m  [1mSELECT `enrolled_students`.`id` FROM `enrolled_students` WHERE `enrolled_students`.`email` = 'heqin@ucsd.edu' LIMIT 1[0m
  [1m[35mSQL (0.1ms)[0m  ROLLBACK
  [1m[36mSQL (0.1ms)[0m  [1mBEGIN[0m
  [1m[35mUser Load (0.7ms)[0m  SELECT `users`.`id` FROM `users` WHERE (LOWER(`users`.`email`) = LOWER('w1qin@ucsd.edu')) AND (`users`.id <> 136) LIMIT 1
  [1m[36mEnrolledStudent Load (0.2ms)[0m  [1mSELECT `enrolled_students`.`id` FROM `enrolled_students` WHERE `enrolled_students`.`email` = 'w1qin@ucsd.edu' LIMIT 1[0m
  [1m[35mSQL (0.1ms)[0m  ROLLBACK
  [1m[36mSQL (0.1ms)[0m  [1mBEGIN[0m
  [1m[35mUser Load (0.7ms)[0m  SELECT `users`.`id` FROM `users` WHERE (LOWER(`users`.`email`) = LOWER('rquinlan@ucsd.edu')) AND (`users`.id <> 137) LIMIT 1
  [1m[36mEnrolledStudent Load (0.2ms)[0m  [1mSELECT `enrolled_students`.`id` FROM `enrolled_students` WHERE `enrolled_students`.`email` = 'rquinlan@ucsd.edu' LIMIT 1[0m
  [1m[35mSQL (0.1ms)[0m  ROLLBACK
  [1m[36mSQL (0.1ms)[0m  [1mBEGIN[0m
  [1m[35mUser Load (0.7ms)[0m  SELECT `users`.`id` FROM `users` WHERE (LOWER(`users`.`email`) = LOWER('sradutnu@ucsd.edu')) AND (`users`.id <> 138) LIMIT 1
  [1m[36mEnrolledStudent Load (0.2ms)[0m  [1mSELECT `enrolled_students`.`id` FROM `enrolled_students` WHERE `enrolled_students`.`email` = 'sradutnu@ucsd.edu' LIMIT 1[0m
  [1m[35mSQL (0.1ms)[0m  ROLLBACK
  [1m[36mSQL (0.1ms)[0m  [1mBEGIN[0m
  [1m[35mUser Load (0.7ms)[0m  SELECT `users`.`id` FROM `users` WHERE (LOWER(`users`.`email`) = LOWER('mramakri@ucsd.edu')) AND (`users`.id <> 139) LIMIT 1
  [1m[36mEnrolledStudent Load (0.2ms)[0m  [1mSELECT `enrolled_students`.`id` FROM `enrolled_students` WHERE `enrolled_students`.`email` = 'mramakri@ucsd.edu' LIMIT 1[0m
  [1m[35mSQL (0.1ms)[0m  ROLLBACK
  [1m[36mSQL (0.1ms)[0m  [1mBEGIN[0m
  [1m[35mUser Load (0.7ms)[0m  SELECT `users`.`id` FROM `users` WHERE (LOWER(`users`.`email`) = LOWER('asraman@ucsd.edu')) AND (`users`.id <> 140) LIMIT 1
  [1m[36mEnrolledStudent Load (0.2ms)[0m  [1mSELECT `enrolled_students`.`id` FROM `enrolled_students` WHERE `enrolled_students`.`email` = 'asraman@ucsd.edu' LIMIT 1[0m
  [1m[35mSQL (0.1ms)[0m  ROLLBACK
  [1m[36mSQL (0.1ms)[0m  [1mBEGIN[0m
  [1m[35mUser Load (0.7ms)[0m  SELECT `users`.`id` FROM `users` WHERE (LOWER(`users`.`email`) = LOWER('anrana@ucsd.edu')) AND (`users`.id <> 141) LIMIT 1
  [1m[36mEnrolledStudent Load (0.2ms)[0m  [1mSELECT `enrolled_students`.`id` FROM `enrolled_students` WHERE `enrolled_students`.`email` = 'anrana@ucsd.edu' LIMIT 1[0m
  [1m[35mSQL (0.1ms)[0m  ROLLBACK
  [1m[36mSQL (0.1ms)[0m  [1mBEGIN[0m
  [1m[35mUser Load (0.7ms)[0m  SELECT `users`.`id` FROM `users` WHERE (LOWER(`users`.`email`) = LOWER('jrapakko@ucsd.edu')) AND (`users`.id <> 142) LIMIT 1
  [1m[36mEnrolledStudent Load (0.2ms)[0m  [1mSELECT `enrolled_students`.`id` FROM `enrolled_students` WHERE `enrolled_students`.`email` = 'jrapakko@ucsd.edu' LIMIT 1[0m
  [1m[35mSQL (0.1ms)[0m  ROLLBACK
  [1m[36mSQL (0.1ms)[0m  [1mBEGIN[0m
  [1m[35mUser Load (0.7ms)[0m  SELECT `users`.`id` FROM `users` WHERE (LOWER(`users`.`email`) = LOWER('nrashink@ucsd.edu')) AND (`users`.id <> 143) LIMIT 1
  [1m[36mEnrolledStudent Load (0.2ms)[0m  [1mSELECT `enrolled_students`.`id` FROM `enrolled_students` WHERE `enrolled_students`.`email` = 'nrashink@ucsd.edu' LIMIT 1[0m
  [1m[35mSQL (0.1ms)[0m  ROLLBACK
  [1m[36mSQL (0.1ms)[0m  [1mBEGIN[0m
  [1m[35mUser Load (0.7ms)[0m  SELECT `users`.`id` FROM `users` WHERE (LOWER(`users`.`email`) = LOWER('mirhee@ucsd.edu')) AND (`users`.id <> 144) LIMIT 1
  [1m[36mEnrolledStudent Load (0.2ms)[0m  [1mSELECT `enrolled_students`.`id` FROM `enrolled_students` WHERE `enrolled_students`.`email` = 'mirhee@ucsd.edu' LIMIT 1[0m
  [1m[35mSQL (0.1ms)[0m  ROLLBACK
  [1m[36mSQL (0.1ms)[0m  [1mBEGIN[0m
  [1m[35mUser Load (0.7ms)[0m  SELECT `users`.`id` FROM `users` WHERE (LOWER(`users`.`email`) = LOWER('wriazati@ucsd.edu')) AND (`users`.id <> 145) LIMIT 1
  [1m[36mEnrolledStudent Load (0.2ms)[0m  [1mSELECT `enrolled_students`.`id` FROM `enrolled_students` WHERE `enrolled_students`.`email` = 'wriazati@ucsd.edu' LIMIT 1[0m
  [1m[35mSQL (0.1ms)[0m  ROLLBACK
  [1m[36mSQL (0.1ms)[0m  [1mBEGIN[0m
  [1m[35mUser Load (0.7ms)[0m  SELECT `users`.`id` FROM `users` WHERE (LOWER(`users`.`email`) = LOWER('hrrodrig@ucsd.edu')) AND (`users`.id <> 146) LIMIT 1
  [1m[36mEnrolledStudent Load (0.2ms)[0m  [1mSELECT `enrolled_students`.`id` FROM `enrolled_students` WHERE `enrolled_students`.`email` = 'hrrodrig@ucsd.edu' LIMIT 1[0m
  [1m[35mSQL (0.1ms)[0m  ROLLBACK
  [1m[36mSQL (0.1ms)[0m  [1mBEGIN[0m
  [1m[35mUser Load (0.7ms)[0m  SELECT `users`.`id` FROM `users` WHERE (LOWER(`users`.`email`) = LOWER('srogalsk@ucsd.edu')) AND (`users`.id <> 147) LIMIT 1
  [1m[36mEnrolledStudent Load (0.2ms)[0m  [1mSELECT `enrolled_students`.`id` FROM `enrolled_students` WHERE `enrolled_students`.`email` = 'srogalsk@ucsd.edu' LIMIT 1[0m
  [1m[35mSQL (0.1ms)[0m  ROLLBACK
  [1m[36mSQL (0.1ms)[0m  [1mBEGIN[0m
  [1m[35mUser Load (0.8ms)[0m  SELECT `users`.`id` FROM `users` WHERE (LOWER(`users`.`email`) = LOWER('tsrussel@ucsd.edu')) AND (`users`.id <> 148) LIMIT 1
  [1m[36mEnrolledStudent Load (0.2ms)[0m  [1mSELECT `enrolled_students`.`id` FROM `enrolled_students` WHERE `enrolled_students`.`email` = 'tsrussel@ucsd.edu' LIMIT 1[0m
  [1m[35mSQL (0.1ms)[0m  ROLLBACK
  [1m[36mSQL (0.1ms)[0m  [1mBEGIN[0m
  [1m[35mUser Load (0.7ms)[0m  SELECT `users`.`id` FROM `users` WHERE (LOWER(`users`.`email`) = LOWER('wsamuels@ucsd.edu')) AND (`users`.id <> 149) LIMIT 1
  [1m[36mEnrolledStudent Load (0.2ms)[0m  [1mSELECT `enrolled_students`.`id` FROM `enrolled_students` WHERE `enrolled_students`.`email` = 'wsamuels@ucsd.edu' LIMIT 1[0m
  [1m[35mSQL (0.1ms)[0m  ROLLBACK
  [1m[36mSQL (0.1ms)[0m  [1mBEGIN[0m
  [1m[35mUser Load (0.7ms)[0m  SELECT `users`.`id` FROM `users` WHERE (LOWER(`users`.`email`) = LOWER('kbshah@ucsd.edu')) AND (`users`.id <> 150) LIMIT 1
  [1m[36mEnrolledStudent Load (0.2ms)[0m  [1mSELECT `enrolled_students`.`id` FROM `enrolled_students` WHERE `enrolled_students`.`email` = 'kbshah@ucsd.edu' LIMIT 1[0m
  [1m[35mSQL (0.1ms)[0m  ROLLBACK
  [1m[36mSQL (0.1ms)[0m  [1mBEGIN[0m
  [1m[35mUser Load (0.8ms)[0m  SELECT `users`.`id` FROM `users` WHERE (LOWER(`users`.`email`) = LOWER('rcshaw@ucsd.edu')) AND (`users`.id <> 151) LIMIT 1
  [1m[36mEnrolledStudent Load (0.2ms)[0m  [1mSELECT `enrolled_students`.`id` FROM `enrolled_students` WHERE `enrolled_students`.`email` = 'rcshaw@ucsd.edu' LIMIT 1[0m
  [1m[35mSQL (0.1ms)[0m  ROLLBACK
  [1m[36mSQL (0.1ms)[0m  [1mBEGIN[0m
  [1m[35mUser Load (0.8ms)[0m  SELECT `users`.`id` FROM `users` WHERE (LOWER(`users`.`email`) = LOWER('lshoquis@ucsd.edu')) AND (`users`.id <> 152) LIMIT 1
  [1m[36mEnrolledStudent Load (0.4ms)[0m  [1mSELECT `enrolled_students`.`id` FROM `enrolled_students` WHERE `enrolled_students`.`email` = 'lshoquis@ucsd.edu' LIMIT 1[0m
  [1m[35mSQL (0.3ms)[0m  ROLLBACK
  [1m[36mSQL (0.1ms)[0m  [1mBEGIN[0m
  [1m[35mUser Load (0.7ms)[0m  SELECT `users`.`id` FROM `users` WHERE (LOWER(`users`.`email`) = LOWER('asie@ucsd.edu')) AND (`users`.id <> 153) LIMIT 1
  [1m[36mEnrolledStudent Load (0.2ms)[0m  [1mSELECT `enrolled_students`.`id` FROM `enrolled_students` WHERE `enrolled_students`.`email` = 'asie@ucsd.edu' LIMIT 1[0m
  [1m[35mSQL (0.1ms)[0m  ROLLBACK
  [1m[36mSQL (0.1ms)[0m  [1mBEGIN[0m
  [1m[35mUser Load (0.7ms)[0m  SELECT `users`.`id` FROM `users` WHERE (LOWER(`users`.`email`) = LOWER('msingh@ucsd.edu')) AND (`users`.id <> 154) LIMIT 1
  [1m[36mEnrolledStudent Load (0.2ms)[0m  [1mSELECT `enrolled_students`.`id` FROM `enrolled_students` WHERE `enrolled_students`.`email` = 'msingh@ucsd.edu' LIMIT 1[0m
  [1m[35mSQL (0.1ms)[0m  ROLLBACK
  [1m[36mSQL (0.1ms)[0m  [1mBEGIN[0m
  [1m[35mUser Load (0.7ms)[0m  SELECT `users`.`id` FROM `users` WHERE (LOWER(`users`.`email`) = LOWER('sus006@ucsd.edu')) AND (`users`.id <> 155) LIMIT 1
  [1m[36mEnrolledStudent Load (0.2ms)[0m  [1mSELECT `enrolled_students`.`id` FROM `enrolled_students` WHERE `enrolled_students`.`email` = 'sus006@ucsd.edu' LIMIT 1[0m
  [1m[35mSQL (0.1ms)[0m  ROLLBACK
  [1m[36mSQL (0.1ms)[0m  [1mBEGIN[0m
  [1m[35mUser Load (0.7ms)[0m  SELECT `users`.`id` FROM `users` WHERE (LOWER(`users`.`email`) = LOWER('dasmith@ucsd.edu')) AND (`users`.id <> 156) LIMIT 1
  [1m[36mEnrolledStudent Load (0.2ms)[0m  [1mSELECT `enrolled_students`.`id` FROM `enrolled_students` WHERE `enrolled_students`.`email` = 'dasmith@ucsd.edu' LIMIT 1[0m
  [1m[35mSQL (0.1ms)[0m  ROLLBACK
  [1m[36mSQL (0.1ms)[0m  [1mBEGIN[0m
  [1m[35mUser Load (0.7ms)[0m  SELECT `users`.`id` FROM `users` WHERE (LOWER(`users`.`email`) = LOWER('ksso@ucsd.edu')) AND (`users`.id <> 157) LIMIT 1
  [1m[36mEnrolledStudent Load (0.2ms)[0m  [1mSELECT `enrolled_students`.`id` FROM `enrolled_students` WHERE `enrolled_students`.`email` = 'ksso@ucsd.edu' LIMIT 1[0m
  [1m[35mSQL (0.1ms)[0m  ROLLBACK
  [1m[36mSQL (0.1ms)[0m  [1mBEGIN[0m
  [1m[35mUser Load (0.7ms)[0m  SELECT `users`.`id` FROM `users` WHERE (LOWER(`users`.`email`) = LOWER('jsodhi@ucsd.edu')) AND (`users`.id <> 158) LIMIT 1
  [1m[36mEnrolledStudent Load (0.2ms)[0m  [1mSELECT `enrolled_students`.`id` FROM `enrolled_students` WHERE `enrolled_students`.`email` = 'jsodhi@ucsd.edu' LIMIT 1[0m
  [1m[35mSQL (0.1ms)[0m  ROLLBACK
  [1m[36mSQL (0.1ms)[0m  [1mBEGIN[0m
  [1m[35mUser Load (0.7ms)[0m  SELECT `users`.`id` FROM `users` WHERE (LOWER(`users`.`email`) = LOWER('agsolomo@ucsd.edu')) AND (`users`.id <> 159) LIMIT 1
  [1m[36mEnrolledStudent Load (0.2ms)[0m  [1mSELECT `enrolled_students`.`id` FROM `enrolled_students` WHERE `enrolled_students`.`email` = 'agsolomo@ucsd.edu' LIMIT 1[0m
  [1m[35mSQL (0.1ms)[0m  ROLLBACK
  [1m[36mSQL (0.1ms)[0m  [1mBEGIN[0m
  [1m[35mUser Load (0.7ms)[0m  SELECT `users`.`id` FROM `users` WHERE (LOWER(`users`.`email`) = LOWER('cspeegle@ucsd.edu')) AND (`users`.id <> 160) LIMIT 1
  [1m[36mEnrolledStudent Load (0.2ms)[0m  [1mSELECT `enrolled_students`.`id` FROM `enrolled_students` WHERE `enrolled_students`.`email` = 'cspeegle@ucsd.edu' LIMIT 1[0m
  [1m[35mSQL (0.1ms)[0m  ROLLBACK
  [1m[36mSQL (0.1ms)[0m  [1mBEGIN[0m
  [1m[35mUser Load (0.7ms)[0m  SELECT `users`.`id` FROM `users` WHERE (LOWER(`users`.`email`) = LOWER('dsrikant@ucsd.edu')) AND (`users`.id <> 161) LIMIT 1
  [1m[36mEnrolledStudent Load (0.2ms)[0m  [1mSELECT `enrolled_students`.`id` FROM `enrolled_students` WHERE `enrolled_students`.`email` = 'dsrikant@ucsd.edu' LIMIT 1[0m
  [1m[35mSQL (0.1ms)[0m  ROLLBACK
  [1m[36mSQL (0.1ms)[0m  [1mBEGIN[0m
  [1m[35mUser Load (0.8ms)[0m  SELECT `users`.`id` FROM `users` WHERE (LOWER(`users`.`email`) = LOWER('cstyles@ucsd.edu')) AND (`users`.id <> 162) LIMIT 1
  [1m[36mEnrolledStudent Load (0.2ms)[0m  [1mSELECT `enrolled_students`.`id` FROM `enrolled_students` WHERE `enrolled_students`.`email` = 'cstyles@ucsd.edu' LIMIT 1[0m
  [1m[35mSQL (0.1ms)[0m  ROLLBACK
  [1m[36mSQL (0.1ms)[0m  [1mBEGIN[0m
  [1m[35mUser Load (0.7ms)[0m  SELECT `users`.`id` FROM `users` WHERE (LOWER(`users`.`email`) = LOWER('ssuen@ucsd.edu')) AND (`users`.id <> 163) LIMIT 1
  [1m[36mEnrolledStudent Load (0.2ms)[0m  [1mSELECT `enrolled_students`.`id` FROM `enrolled_students` WHERE `enrolled_students`.`email` = 'ssuen@ucsd.edu' LIMIT 1[0m
  [1m[35mSQL (0.1ms)[0m  ROLLBACK
  [1m[36mSQL (0.1ms)[0m  [1mBEGIN[0m
  [1m[35mUser Load (0.7ms)[0m  SELECT `users`.`id` FROM `users` WHERE (LOWER(`users`.`email`) = LOWER('dasyu@ucsd.edu')) AND (`users`.id <> 164) LIMIT 1
  [1m[36mEnrolledStudent Load (0.2ms)[0m  [1mSELECT `enrolled_students`.`id` FROM `enrolled_students` WHERE `enrolled_students`.`email` = 'dasyu@ucsd.edu' LIMIT 1[0m
  [1m[35mSQL (0.1ms)[0m  ROLLBACK
  [1m[36mSQL (0.1ms)[0m  [1mBEGIN[0m
  [1m[35mUser Load (0.7ms)[0m  SELECT `users`.`id` FROM `users` WHERE (LOWER(`users`.`email`) = LOWER('btai@ucsd.edu')) AND (`users`.id <> 165) LIMIT 1
  [1m[36mEnrolledStudent Load (0.2ms)[0m  [1mSELECT `enrolled_students`.`id` FROM `enrolled_students` WHERE `enrolled_students`.`email` = 'btai@ucsd.edu' LIMIT 1[0m
  [1m[35mSQL (0.1ms)[0m  ROLLBACK
  [1m[36mSQL (0.1ms)[0m  [1mBEGIN[0m
  [1m[35mUser Load (0.7ms)[0m  SELECT `users`.`id` FROM `users` WHERE (LOWER(`users`.`email`) = LOWER('mtakano@ucsd.edu')) AND (`users`.id <> 166) LIMIT 1
  [1m[36mEnrolledStudent Load (0.2ms)[0m  [1mSELECT `enrolled_students`.`id` FROM `enrolled_students` WHERE `enrolled_students`.`email` = 'mtakano@ucsd.edu' LIMIT 1[0m
  [1m[35mSQL (0.1ms)[0m  ROLLBACK
  [1m[36mSQL (0.1ms)[0m  [1mBEGIN[0m
  [1m[35mUser Load (0.8ms)[0m  SELECT `users`.`id` FROM `users` WHERE (LOWER(`users`.`email`) = LOWER('jtibbitt@ucsd.edu')) AND (`users`.id <> 167) LIMIT 1
  [1m[36mEnrolledStudent Load (0.2ms)[0m  [1mSELECT `enrolled_students`.`id` FROM `enrolled_students` WHERE `enrolled_students`.`email` = 'jtibbitt@ucsd.edu' LIMIT 1[0m
  [1m[35mSQL (0.1ms)[0m  ROLLBACK
  [1m[36mSQL (0.1ms)[0m  [1mBEGIN[0m
  [1m[35mUser Load (0.7ms)[0m  SELECT `users`.`id` FROM `users` WHERE (LOWER(`users`.`email`) = LOWER('jtoenyes@ucsd.edu')) AND (`users`.id <> 168) LIMIT 1
  [1m[36mEnrolledStudent Load (0.2ms)[0m  [1mSELECT `enrolled_students`.`id` FROM `enrolled_students` WHERE `enrolled_students`.`email` = 'jtoenyes@ucsd.edu' LIMIT 1[0m
  [1m[35mSQL (0.1ms)[0m  ROLLBACK
  [1m[36mSQL (1.0ms)[0m  [1mBEGIN[0m
  [1m[35mUser Load (0.9ms)[0m  SELECT `users`.`id` FROM `users` WHERE (LOWER(`users`.`email`) = LOWER('j1tomlin@ucsd.edu')) AND (`users`.id <> 169) LIMIT 1
  [1m[36mEnrolledStudent Load (0.3ms)[0m  [1mSELECT `enrolled_students`.`id` FROM `enrolled_students` WHERE `enrolled_students`.`email` = 'j1tomlin@ucsd.edu' LIMIT 1[0m
  [1m[35mSQL (0.1ms)[0m  ROLLBACK
  [1m[36mSQL (0.1ms)[0m  [1mBEGIN[0m
  [1m[35mUser Load (0.7ms)[0m  SELECT `users`.`id` FROM `users` WHERE (LOWER(`users`.`email`) = LOWER('wdtong@ucsd.edu')) AND (`users`.id <> 170) LIMIT 1
  [1m[36mEnrolledStudent Load (0.2ms)[0m  [1mSELECT `enrolled_students`.`id` FROM `enrolled_students` WHERE `enrolled_students`.`email` = 'wdtong@ucsd.edu' LIMIT 1[0m
  [1m[35mSQL (0.1ms)[0m  ROLLBACK
  [1m[36mSQL (0.1ms)[0m  [1mBEGIN[0m
  [1m[35mUser Load (0.7ms)[0m  SELECT `users`.`id` FROM `users` WHERE (LOWER(`users`.`email`) = LOWER('ktoribio@ucsd.edu')) AND (`users`.id <> 171) LIMIT 1
  [1m[36mEnrolledStudent Load (0.2ms)[0m  [1mSELECT `enrolled_students`.`id` FROM `enrolled_students` WHERE `enrolled_students`.`email` = 'ktoribio@ucsd.edu' LIMIT 1[0m
  [1m[35mSQL (0.1ms)[0m  ROLLBACK
  [1m[36mSQL (0.1ms)[0m  [1mBEGIN[0m
  [1m[35mUser Load (0.7ms)[0m  SELECT `users`.`id` FROM `users` WHERE (LOWER(`users`.`email`) = LOWER('aptran@ucsd.edu')) AND (`users`.id <> 172) LIMIT 1
  [1m[36mEnrolledStudent Load (0.2ms)[0m  [1mSELECT `enrolled_students`.`id` FROM `enrolled_students` WHERE `enrolled_students`.`email` = 'aptran@ucsd.edu' LIMIT 1[0m
  [1m[35mSQL (0.1ms)[0m  ROLLBACK
  [1m[36mSQL (0.1ms)[0m  [1mBEGIN[0m
  [1m[35mUser Load (0.7ms)[0m  SELECT `users`.`id` FROM `users` WHERE (LOWER(`users`.`email`) = LOWER('bmt001@ucsd.edu')) AND (`users`.id <> 173) LIMIT 1
  [1m[36mEnrolledStudent Load (0.2ms)[0m  [1mSELECT `enrolled_students`.`id` FROM `enrolled_students` WHERE `enrolled_students`.`email` = 'bmt001@ucsd.edu' LIMIT 1[0m
  [1m[35mSQL (0.1ms)[0m  ROLLBACK
  [1m[36mSQL (0.1ms)[0m  [1mBEGIN[0m
  [1m[35mUser Load (0.7ms)[0m  SELECT `users`.`id` FROM `users` WHERE (LOWER(`users`.`email`) = LOWER('tatrinh@ucsd.edu')) AND (`users`.id <> 174) LIMIT 1
  [1m[36mEnrolledStudent Load (0.2ms)[0m  [1mSELECT `enrolled_students`.`id` FROM `enrolled_students` WHERE `enrolled_students`.`email` = 'tatrinh@ucsd.edu' LIMIT 1[0m
  [1m[35mSQL (0.1ms)[0m  ROLLBACK
  [1m[36mSQL (0.1ms)[0m  [1mBEGIN[0m
  [1m[35mUser Load (0.7ms)[0m  SELECT `users`.`id` FROM `users` WHERE (LOWER(`users`.`email`) = LOWER('nntroast@ucsd.edu')) AND (`users`.id <> 175) LIMIT 1
  [1m[36mEnrolledStudent Load (0.2ms)[0m  [1mSELECT `enrolled_students`.`id` FROM `enrolled_students` WHERE `enrolled_students`.`email` = 'nntroast@ucsd.edu' LIMIT 1[0m
  [1m[35mSQL (0.1ms)[0m  ROLLBACK
  [1m[36mSQL (0.1ms)[0m  [1mBEGIN[0m
  [1m[35mUser Load (0.7ms)[0m  SELECT `users`.`id` FROM `users` WHERE (LOWER(`users`.`email`) = LOWER('t7tsai@ucsd.edu')) AND (`users`.id <> 176) LIMIT 1
  [1m[36mEnrolledStudent Load (0.2ms)[0m  [1mSELECT `enrolled_students`.`id` FROM `enrolled_students` WHERE `enrolled_students`.`email` = 't7tsai@ucsd.edu' LIMIT 1[0m
  [1m[35mSQL (0.1ms)[0m  ROLLBACK
  [1m[36mSQL (0.2ms)[0m  [1mBEGIN[0m
  [1m[35mUser Load (0.8ms)[0m  SELECT `users`.`id` FROM `users` WHERE (LOWER(`users`.`email`) = LOWER('a2tsang@ucsd.edu')) AND (`users`.id <> 177) LIMIT 1
  [1m[36mEnrolledStudent Load (0.2ms)[0m  [1mSELECT `enrolled_students`.`id` FROM `enrolled_students` WHERE `enrolled_students`.`email` = 'a2tsang@ucsd.edu' LIMIT 1[0m
  [1m[35mSQL (0.1ms)[0m  ROLLBACK
  [1m[36mSQL (0.1ms)[0m  [1mBEGIN[0m
  [1m[35mUser Load (0.8ms)[0m  SELECT `users`.`id` FROM `users` WHERE (LOWER(`users`.`email`) = LOWER('natun@ucsd.edu')) AND (`users`.id <> 178) LIMIT 1
  [1m[36mEnrolledStudent Load (0.2ms)[0m  [1mSELECT `enrolled_students`.`id` FROM `enrolled_students` WHERE `enrolled_students`.`email` = 'natun@ucsd.edu' LIMIT 1[0m
  [1m[35mSQL (0.1ms)[0m  ROLLBACK
  [1m[36mSQL (0.1ms)[0m  [1mBEGIN[0m
  [1m[35mUser Load (0.7ms)[0m  SELECT `users`.`id` FROM `users` WHERE (LOWER(`users`.`email`) = LOWER('svange@ucsd.edu')) AND (`users`.id <> 179) LIMIT 1
  [1m[36mEnrolledStudent Load (0.2ms)[0m  [1mSELECT `enrolled_students`.`id` FROM `enrolled_students` WHERE `enrolled_students`.`email` = 'svange@ucsd.edu' LIMIT 1[0m
  [1m[35mSQL (0.1ms)[0m  ROLLBACK
  [1m[36mSQL (0.3ms)[0m  [1mBEGIN[0m
  [1m[35mUser Load (0.8ms)[0m  SELECT `users`.`id` FROM `users` WHERE (LOWER(`users`.`email`) = LOWER('avatanpo@ucsd.edu')) AND (`users`.id <> 180) LIMIT 1
  [1m[36mEnrolledStudent Load (0.2ms)[0m  [1mSELECT `enrolled_students`.`id` FROM `enrolled_students` WHERE `enrolled_students`.`email` = 'avatanpo@ucsd.edu' LIMIT 1[0m
  [1m[35mSQL (0.1ms)[0m  ROLLBACK
  [1m[36mSQL (0.1ms)[0m  [1mBEGIN[0m
  [1m[35mUser Load (0.7ms)[0m  SELECT `users`.`id` FROM `users` WHERE (LOWER(`users`.`email`) = LOWER('lnvo@ucsd.edu')) AND (`users`.id <> 181) LIMIT 1
  [1m[36mEnrolledStudent Load (0.2ms)[0m  [1mSELECT `enrolled_students`.`id` FROM `enrolled_students` WHERE `enrolled_students`.`email` = 'lnvo@ucsd.edu' LIMIT 1[0m
  [1m[35mSQL (0.1ms)[0m  ROLLBACK
  [1m[36mSQL (0.1ms)[0m  [1mBEGIN[0m
  [1m[35mUser Load (0.7ms)[0m  SELECT `users`.`id` FROM `users` WHERE (LOWER(`users`.`email`) = LOWER('d8vu@ucsd.edu')) AND (`users`.id <> 182) LIMIT 1
  [1m[36mEnrolledStudent Load (0.2ms)[0m  [1mSELECT `enrolled_students`.`id` FROM `enrolled_students` WHERE `enrolled_students`.`email` = 'd8vu@ucsd.edu' LIMIT 1[0m
  [1m[35mSQL (0.1ms)[0m  ROLLBACK
  [1m[36mSQL (0.1ms)[0m  [1mBEGIN[0m
  [1m[35mUser Load (0.7ms)[0m  SELECT `users`.`id` FROM `users` WHERE (LOWER(`users`.`email`) = LOWER('ehw004@ucsd.edu')) AND (`users`.id <> 183) LIMIT 1
  [1m[36mEnrolledStudent Load (0.2ms)[0m  [1mSELECT `enrolled_students`.`id` FROM `enrolled_students` WHERE `enrolled_students`.`email` = 'ehw004@ucsd.edu' LIMIT 1[0m
  [1m[35mSQL (0.1ms)[0m  ROLLBACK
  [1m[36mSQL (0.1ms)[0m  [1mBEGIN[0m
  [1m[35mUser Load (0.7ms)[0m  SELECT `users`.`id` FROM `users` WHERE (LOWER(`users`.`email`) = LOWER('y1wei@ucsd.edu')) AND (`users`.id <> 184) LIMIT 1
  [1m[36mEnrolledStudent Load (0.2ms)[0m  [1mSELECT `enrolled_students`.`id` FROM `enrolled_students` WHERE `enrolled_students`.`email` = 'y1wei@ucsd.edu' LIMIT 1[0m
  [1m[35mSQL (0.1ms)[0m  ROLLBACK
  [1m[36mSQL (0.1ms)[0m  [1mBEGIN[0m
  [1m[35mUser Load (0.7ms)[0m  SELECT `users`.`id` FROM `users` WHERE (LOWER(`users`.`email`) = LOWER('pwelande@ucsd.edu')) AND (`users`.id <> 185) LIMIT 1
  [1m[36mEnrolledStudent Load (0.2ms)[0m  [1mSELECT `enrolled_students`.`id` FROM `enrolled_students` WHERE `enrolled_students`.`email` = 'pwelande@ucsd.edu' LIMIT 1[0m
  [1m[35mSQL (0.1ms)[0m  ROLLBACK
  [1m[36mSQL (0.1ms)[0m  [1mBEGIN[0m
  [1m[35mUser Load (0.7ms)[0m  SELECT `users`.`id` FROM `users` WHERE (LOWER(`users`.`email`) = LOWER('cweller@ucsd.edu')) AND (`users`.id <> 186) LIMIT 1
  [1m[36mEnrolledStudent Load (0.2ms)[0m  [1mSELECT `enrolled_students`.`id` FROM `enrolled_students` WHERE `enrolled_students`.`email` = 'cweller@ucsd.edu' LIMIT 1[0m
  [1m[35mSQL (0.1ms)[0m  ROLLBACK
  [1m[36mSQL (0.1ms)[0m  [1mBEGIN[0m
  [1m[35mUser Load (0.8ms)[0m  SELECT `users`.`id` FROM `users` WHERE (LOWER(`users`.`email`) = LOWER('wwerner@ucsd.edu')) AND (`users`.id <> 187) LIMIT 1
  [1m[36mEnrolledStudent Load (0.2ms)[0m  [1mSELECT `enrolled_students`.`id` FROM `enrolled_students` WHERE `enrolled_students`.`email` = 'wwerner@ucsd.edu' LIMIT 1[0m
  [1m[35mSQL (0.1ms)[0m  ROLLBACK
  [1m[36mSQL (0.1ms)[0m  [1mBEGIN[0m
  [1m[35mUser Load (0.7ms)[0m  SELECT `users`.`id` FROM `users` WHERE (LOWER(`users`.`email`) = LOWER('rwest@ucsd.edu')) AND (`users`.id <> 188) LIMIT 1
  [1m[36mEnrolledStudent Load (0.2ms)[0m  [1mSELECT `enrolled_students`.`id` FROM `enrolled_students` WHERE `enrolled_students`.`email` = 'rwest@ucsd.edu' LIMIT 1[0m
  [1m[35mSQL (0.1ms)[0m  ROLLBACK
  [1m[36mSQL (0.1ms)[0m  [1mBEGIN[0m
  [1m[35mUser Load (1.5ms)[0m  SELECT `users`.`id` FROM `users` WHERE (LOWER(`users`.`email`) = LOWER('gwiesnos@ucsd.edu')) AND (`users`.id <> 189) LIMIT 1
  [1m[36mEnrolledStudent Load (0.3ms)[0m  [1mSELECT `enrolled_students`.`id` FROM `enrolled_students` WHERE `enrolled_students`.`email` = 'gwiesnos@ucsd.edu' LIMIT 1[0m
  [1m[35mSQL (0.1ms)[0m  ROLLBACK
  [1m[36mSQL (0.1ms)[0m  [1mBEGIN[0m
  [1m[35mUser Load (0.7ms)[0m  SELECT `users`.`id` FROM `users` WHERE (LOWER(`users`.`email`) = LOWER('zmwilson@ucsd.edu')) AND (`users`.id <> 190) LIMIT 1
  [1m[36mEnrolledStudent Load (0.2ms)[0m  [1mSELECT `enrolled_students`.`id` FROM `enrolled_students` WHERE `enrolled_students`.`email` = 'zmwilson@ucsd.edu' LIMIT 1[0m
  [1m[35mSQL (0.1ms)[0m  ROLLBACK
  [1m[36mSQL (0.1ms)[0m  [1mBEGIN[0m
  [1m[35mUser Load (0.7ms)[0m  SELECT `users`.`id` FROM `users` WHERE (LOWER(`users`.`email`) = LOWER('e4wong@ucsd.edu')) AND (`users`.id <> 191) LIMIT 1
  [1m[36mEnrolledStudent Load (0.2ms)[0m  [1mSELECT `enrolled_students`.`id` FROM `enrolled_students` WHERE `enrolled_students`.`email` = 'e4wong@ucsd.edu' LIMIT 1[0m
  [1m[35mSQL (0.1ms)[0m  ROLLBACK
  [1m[36mSQL (0.1ms)[0m  [1mBEGIN[0m
  [1m[35mUser Load (0.7ms)[0m  SELECT `users`.`id` FROM `users` WHERE (LOWER(`users`.`email`) = LOWER('c4wood@ucsd.edu')) AND (`users`.id <> 192) LIMIT 1
  [1m[36mEnrolledStudent Load (0.2ms)[0m  [1mSELECT `enrolled_students`.`id` FROM `enrolled_students` WHERE `enrolled_students`.`email` = 'c4wood@ucsd.edu' LIMIT 1[0m
  [1m[35mSQL (0.1ms)[0m  ROLLBACK
  [1m[36mSQL (0.1ms)[0m  [1mBEGIN[0m
  [1m[35mUser Load (0.7ms)[0m  SELECT `users`.`id` FROM `users` WHERE (LOWER(`users`.`email`) = LOWER('zowu@ucsd.edu')) AND (`users`.id <> 193) LIMIT 1
  [1m[36mEnrolledStudent Load (0.2ms)[0m  [1mSELECT `enrolled_students`.`id` FROM `enrolled_students` WHERE `enrolled_students`.`email` = 'zowu@ucsd.edu' LIMIT 1[0m
  [1m[35mSQL (0.1ms)[0m  ROLLBACK
  [1m[36mSQL (0.1ms)[0m  [1mBEGIN[0m
  [1m[35mUser Load (0.7ms)[0m  SELECT `users`.`id` FROM `users` WHERE (LOWER(`users`.`email`) = LOWER('zhxia@ucsd.edu')) AND (`users`.id <> 194) LIMIT 1
  [1m[36mEnrolledStudent Load (0.2ms)[0m  [1mSELECT `enrolled_students`.`id` FROM `enrolled_students` WHERE `enrolled_students`.`email` = 'zhxia@ucsd.edu' LIMIT 1[0m
  [1m[35mSQL (0.1ms)[0m  ROLLBACK
  [1m[36mSQL (0.1ms)[0m  [1mBEGIN[0m
  [1m[35mUser Load (0.8ms)[0m  SELECT `users`.`id` FROM `users` WHERE (LOWER(`users`.`email`) = LOWER('x9xu@ucsd.edu')) AND (`users`.id <> 195) LIMIT 1
  [1m[36mEnrolledStudent Load (0.2ms)[0m  [1mSELECT `enrolled_students`.`id` FROM `enrolled_students` WHERE `enrolled_students`.`email` = 'x9xu@ucsd.edu' LIMIT 1[0m
  [1m[35mSQL (0.1ms)[0m  ROLLBACK
  [1m[36mSQL (0.1ms)[0m  [1mBEGIN[0m
  [1m[35mUser Load (0.7ms)[0m  SELECT `users`.`id` FROM `users` WHERE (LOWER(`users`.`email`) = LOWER('m1yao@ucsd.edu')) AND (`users`.id <> 196) LIMIT 1
  [1m[36mEnrolledStudent Load (0.2ms)[0m  [1mSELECT `enrolled_students`.`id` FROM `enrolled_students` WHERE `enrolled_students`.`email` = 'm1yao@ucsd.edu' LIMIT 1[0m
  [1m[35mSQL (0.1ms)[0m  ROLLBACK
  [1m[36mSQL (0.1ms)[0m  [1mBEGIN[0m
  [1m[35mUser Load (0.7ms)[0m  SELECT `users`.`id` FROM `users` WHERE (LOWER(`users`.`email`) = LOWER('jay043@ucsd.edu')) AND (`users`.id <> 197) LIMIT 1
  [1m[36mEnrolledStudent Load (0.2ms)[0m  [1mSELECT `enrolled_students`.`id` FROM `enrolled_students` WHERE `enrolled_students`.`email` = 'jay043@ucsd.edu' LIMIT 1[0m
  [1m[35mSQL (0.1ms)[0m  ROLLBACK
  [1m[36mSQL (0.1ms)[0m  [1mBEGIN[0m
  [1m[35mUser Load (0.7ms)[0m  SELECT `users`.`id` FROM `users` WHERE (LOWER(`users`.`email`) = LOWER('styi@ucsd.edu')) AND (`users`.id <> 198) LIMIT 1
  [1m[36mEnrolledStudent Load (0.2ms)[0m  [1mSELECT `enrolled_students`.`id` FROM `enrolled_students` WHERE `enrolled_students`.`email` = 'styi@ucsd.edu' LIMIT 1[0m
  [1m[35mSQL (0.1ms)[0m  ROLLBACK
  [1m[36mSQL (0.1ms)[0m  [1mBEGIN[0m
  [1m[35mUser Load (0.8ms)[0m  SELECT `users`.`id` FROM `users` WHERE (LOWER(`users`.`email`) = LOWER('jyohena@ucsd.edu')) AND (`users`.id <> 199) LIMIT 1
  [1m[36mEnrolledStudent Load (0.2ms)[0m  [1mSELECT `enrolled_students`.`id` FROM `enrolled_students` WHERE `enrolled_students`.`email` = 'jyohena@ucsd.edu' LIMIT 1[0m
  [1m[35mSQL (0.1ms)[0m  ROLLBACK
  [1m[36mSQL (0.1ms)[0m  [1mBEGIN[0m
  [1m[35mUser Load (0.9ms)[0m  SELECT `users`.`id` FROM `users` WHERE (LOWER(`users`.`email`) = LOWER('seyuan@ucsd.edu')) AND (`users`.id <> 200) LIMIT 1
  [1m[36mEnrolledStudent Load (0.2ms)[0m  [1mSELECT `enrolled_students`.`id` FROM `enrolled_students` WHERE `enrolled_students`.`email` = 'seyuan@ucsd.edu' LIMIT 1[0m
  [1m[35mSQL (0.1ms)[0m  ROLLBACK
  [1m[36mSQL (0.1ms)[0m  [1mBEGIN[0m
  [1m[35mUser Load (0.7ms)[0m  SELECT `users`.`id` FROM `users` WHERE (LOWER(`users`.`email`) = LOWER('z3zeng@ucsd.edu')) AND (`users`.id <> 201) LIMIT 1
  [1m[36mEnrolledStudent Load (0.2ms)[0m  [1mSELECT `enrolled_students`.`id` FROM `enrolled_students` WHERE `enrolled_students`.`email` = 'z3zeng@ucsd.edu' LIMIT 1[0m
  [1m[35mSQL (0.1ms)[0m  ROLLBACK
  [1m[36mSQL (0.1ms)[0m  [1mBEGIN[0m
  [1m[35mUser Load (0.8ms)[0m  SELECT `users`.`id` FROM `users` WHERE (LOWER(`users`.`email`) = LOWER('zzhai@ucsd.edu')) AND (`users`.id <> 202) LIMIT 1
  [1m[36mEnrolledStudent Load (0.2ms)[0m  [1mSELECT `enrolled_students`.`id` FROM `enrolled_students` WHERE `enrolled_students`.`email` = 'zzhai@ucsd.edu' LIMIT 1[0m
  [1m[35mSQL (0.1ms)[0m  ROLLBACK
  [1m[36mSQL (0.1ms)[0m  [1mBEGIN[0m
  [1m[35mUser Load (0.8ms)[0m  SELECT `users`.`id` FROM `users` WHERE (LOWER(`users`.`email`) = LOWER('r1zhang@ucsd.edu')) AND (`users`.id <> 203) LIMIT 1
  [1m[36mEnrolledStudent Load (0.2ms)[0m  [1mSELECT `enrolled_students`.`id` FROM `enrolled_students` WHERE `enrolled_students`.`email` = 'r1zhang@ucsd.edu' LIMIT 1[0m
  [1m[35mSQL (0.1ms)[0m  ROLLBACK
  [1m[36mSQL (0.1ms)[0m  [1mBEGIN[0m
  [1m[35mUser Load (0.7ms)[0m  SELECT `users`.`id` FROM `users` WHERE (LOWER(`users`.`email`) = LOWER('xiz080@ucsd.edu')) AND (`users`.id <> 204) LIMIT 1
  [1m[36mEnrolledStudent Load (0.2ms)[0m  [1mSELECT `enrolled_students`.`id` FROM `enrolled_students` WHERE `enrolled_students`.`email` = 'xiz080@ucsd.edu' LIMIT 1[0m
  [1m[35mSQL (0.1ms)[0m  ROLLBACK
  [1m[36mSQL (0.1ms)[0m  [1mBEGIN[0m
  [1m[35mUser Load (0.8ms)[0m  SELECT `users`.`id` FROM `users` WHERE (LOWER(`users`.`email`) = LOWER('ggillespie@ucsd.edu')) AND (`users`.id <> 205) LIMIT 1
  [1m[36mEnrolledStudent Load (0.2ms)[0m  [1mSELECT `enrolled_students`.`id` FROM `enrolled_students` WHERE `enrolled_students`.`email` = 'ggillespie@ucsd.edu' LIMIT 1[0m
  [1m[35mSQL (0.1ms)[0m  ROLLBACK
  [1m[36mSQL (0.1ms)[0m  [1mBEGIN[0m
  [1m[35mUser Load (0.7ms)[0m  SELECT `users`.`id` FROM `users` WHERE (LOWER(`users`.`email`) = LOWER('c9chan@ucsd.edu')) AND (`users`.id <> 206) LIMIT 1
  [1m[36mEnrolledStudent Load (0.2ms)[0m  [1mSELECT `enrolled_students`.`id` FROM `enrolled_students` WHERE `enrolled_students`.`email` = 'c9chan@ucsd.edu' LIMIT 1[0m
  [1m[35mSQL (0.1ms)[0m  ROLLBACK
  [1m[36mSQL (0.1ms)[0m  [1mBEGIN[0m
  [1m[35mUser Load (0.7ms)[0m  SELECT `users`.`id` FROM `users` WHERE (LOWER(`users`.`email`) = LOWER('ctngo@ucsd.edu')) AND (`users`.id <> 207) LIMIT 1
  [1m[36mEnrolledStudent Load (0.2ms)[0m  [1mSELECT `enrolled_students`.`id` FROM `enrolled_students` WHERE `enrolled_students`.`email` = 'ctngo@ucsd.edu' LIMIT 1[0m
  [1m[35mSQL (0.1ms)[0m  ROLLBACK
  [1m[36mSQL (0.1ms)[0m  [1mBEGIN[0m
  [1m[35mUser Load (0.7ms)[0m  SELECT `users`.`id` FROM `users` WHERE (LOWER(`users`.`email`) = LOWER('jiw086@ucsd.edu')) AND (`users`.id <> 208) LIMIT 1
  [1m[36mEnrolledStudent Load (0.2ms)[0m  [1mSELECT `enrolled_students`.`id` FROM `enrolled_students` WHERE `enrolled_students`.`email` = 'jiw086@ucsd.edu' LIMIT 1[0m
  [1m[35mSQL (0.1ms)[0m  ROLLBACK
  [1m[36mSQL (0.1ms)[0m  [1mBEGIN[0m
  [1m[35mUser Load (0.7ms)[0m  SELECT `users`.`id` FROM `users` WHERE (LOWER(`users`.`email`) = LOWER('dbrim@ucsd.edu')) AND (`users`.id <> 209) LIMIT 1
  [1m[36mEnrolledStudent Load (0.2ms)[0m  [1mSELECT `enrolled_students`.`id` FROM `enrolled_students` WHERE `enrolled_students`.`email` = 'dbrim@ucsd.edu' LIMIT 1[0m
  [1m[35mSQL (0.1ms)[0m  ROLLBACK
  [1m[36mSQL (0.1ms)[0m  [1mBEGIN[0m
  [1m[35mUser Load (0.7ms)[0m  SELECT `users`.`id` FROM `users` WHERE (LOWER(`users`.`email`) = LOWER('brla@ucsd.edu')) AND (`users`.id <> 210) LIMIT 1
  [1m[36mEnrolledStudent Load (0.2ms)[0m  [1mSELECT `enrolled_students`.`id` FROM `enrolled_students` WHERE `enrolled_students`.`email` = 'brla@ucsd.edu' LIMIT 1[0m
  [1m[35mSQL (0.2ms)[0m  ROLLBACK
  [1m[36mSQL (0.1ms)[0m  [1mBEGIN[0m
  [1m[35mUser Load (0.7ms)[0m  SELECT `users`.`id` FROM `users` WHERE (LOWER(`users`.`email`) = LOWER('bbahry@ucsd.edu')) AND (`users`.id <> 211) LIMIT 1
  [1m[36mEnrolledStudent Load (0.2ms)[0m  [1mSELECT `enrolled_students`.`id` FROM `enrolled_students` WHERE `enrolled_students`.`email` = 'bbahry@ucsd.edu' LIMIT 1[0m
  [1m[35mSQL (0.1ms)[0m  ROLLBACK
  [1m[36mSQL (0.1ms)[0m  [1mBEGIN[0m
  [1m[35mUser Load (0.7ms)[0m  SELECT `users`.`id` FROM `users` WHERE (LOWER(`users`.`email`) = LOWER('c2leong@ucsd.edu')) AND (`users`.id <> 212) LIMIT 1
  [1m[36mEnrolledStudent Load (0.2ms)[0m  [1mSELECT `enrolled_students`.`id` FROM `enrolled_students` WHERE `enrolled_students`.`email` = 'c2leong@ucsd.edu' LIMIT 1[0m
  [1m[35mSQL (0.1ms)[0m  ROLLBACK
  [1m[36mSQL (0.1ms)[0m  [1mBEGIN[0m
  [1m[35mUser Load (0.7ms)[0m  SELECT `users`.`id` FROM `users` WHERE (LOWER(`users`.`email`) = LOWER('metsai@ucsd.edu ')) AND (`users`.id <> 213) LIMIT 1
  [1m[36mEnrolledStudent Load (0.3ms)[0m  [1mSELECT `enrolled_students`.`id` FROM `enrolled_students` WHERE `enrolled_students`.`email` = 'metsai@ucsd.edu ' LIMIT 1[0m
  [1m[35mSQL (0.1ms)[0m  ROLLBACK
  [1m[36mSQL (0.1ms)[0m  [1mBEGIN[0m
  [1m[35mUser Load (0.8ms)[0m  SELECT `users`.`id` FROM `users` WHERE (LOWER(`users`.`email`) = LOWER('y4yang@ucsd.edu ')) AND (`users`.id <> 214) LIMIT 1
  [1m[36mEnrolledStudent Load (0.2ms)[0m  [1mSELECT `enrolled_students`.`id` FROM `enrolled_students` WHERE `enrolled_students`.`email` = 'y4yang@ucsd.edu ' LIMIT 1[0m
  [1m[35mSQL (0.1ms)[0m  ROLLBACK
  [1m[36mSQL (0.1ms)[0m  [1mBEGIN[0m
  [1m[35mUser Load (0.7ms)[0m  SELECT `users`.`id` FROM `users` WHERE (LOWER(`users`.`email`) = LOWER('vivenkat@ucsd.edu')) AND (`users`.id <> 215) LIMIT 1
  [1m[36mEnrolledStudent Load (0.2ms)[0m  [1mSELECT `enrolled_students`.`id` FROM `enrolled_students` WHERE `enrolled_students`.`email` = 'vivenkat@ucsd.edu' LIMIT 1[0m
  [1m[35mSQL (0.1ms)[0m  ROLLBACK
  [1m[36mSQL (0.2ms)[0m  [1mBEGIN[0m
  [1m[35mUser Load (0.7ms)[0m  SELECT `users`.`id` FROM `users` WHERE (LOWER(`users`.`email`) = LOWER('mkirby@ucsd.edu')) AND (`users`.id <> 216) LIMIT 1
  [1m[36mEnrolledStudent Load (0.2ms)[0m  [1mSELECT `enrolled_students`.`id` FROM `enrolled_students` WHERE `enrolled_students`.`email` = 'mkirby@ucsd.edu' LIMIT 1[0m
  [1m[35mSQL (0.1ms)[0m  ROLLBACK
  [1m[36mSQL (0.1ms)[0m  [1mBEGIN[0m
  [1m[35mUser Load (0.7ms)[0m  SELECT `users`.`id` FROM `users` WHERE (LOWER(`users`.`email`) = LOWER('thc005@ucsd.edu')) AND (`users`.id <> 217) LIMIT 1
  [1m[36mEnrolledStudent Load (0.2ms)[0m  [1mSELECT `enrolled_students`.`id` FROM `enrolled_students` WHERE `enrolled_students`.`email` = 'thc005@ucsd.edu' LIMIT 1[0m
  [1m[35mSQL (0.1ms)[0m  ROLLBACK
  [1m[36mSQL (0.1ms)[0m  [1mBEGIN[0m
  [1m[35mUser Load (0.7ms)[0m  SELECT `users`.`id` FROM `users` WHERE (LOWER(`users`.`email`) = LOWER('apasaribu@ucsd.edu')) AND (`users`.id <> 218) LIMIT 1
  [1m[36mEnrolledStudent Load (0.2ms)[0m  [1mSELECT `enrolled_students`.`id` FROM `enrolled_students` WHERE `enrolled_students`.`email` = 'apasaribu@ucsd.edu' LIMIT 1[0m
  [1m[35mSQL (0.1ms)[0m  ROLLBACK
